d:\github-repository\gdal\buildvs\frmts\sdts\gdal_sdts.dir\debug\gdal_sdts.pdb
d:\github-repository\gdal\buildvs\frmts\sdts\gdal_sdts.dir\debug\sdtsdataset.obj
d:\github-repository\gdal\buildvs\frmts\sdts\gdal_sdts.dir\debug\sdtsindexedreader.obj
d:\github-repository\gdal\buildvs\frmts\sdts\gdal_sdts.dir\debug\sdtsrasterreader.obj
d:\github-repository\gdal\buildvs\frmts\sdts\gdal_sdts.dir\debug\sdtsxref.obj
d:\github-repository\gdal\buildvs\frmts\sdts\gdal_sdts.dir\debug\sdtspolygonreader.obj
d:\github-repository\gdal\buildvs\frmts\sdts\gdal_sdts.dir\debug\sdtstransfer.obj
d:\github-repository\gdal\buildvs\frmts\sdts\gdal_sdts.dir\debug\sdtsattrreader.obj
d:\github-repository\gdal\buildvs\frmts\sdts\gdal_sdts.dir\debug\sdtspointreader.obj
d:\github-repository\gdal\buildvs\frmts\sdts\gdal_sdts.dir\debug\sdtslib.obj
d:\github-repository\gdal\buildvs\frmts\sdts\gdal_sdts.dir\debug\sdtslinereader.obj
d:\github-repository\gdal\buildvs\frmts\sdts\gdal_sdts.dir\debug\sdtscatd.obj
d:\github-repository\gdal\buildvs\frmts\sdts\gdal_sdts.dir\debug\sdtsiref.obj
d:\github-repository\gdal\buildvs\frmts\sdts\cmakefiles\generate.stamp
d:\github-repository\gdal\buildvs\frmts\sdts\gdal_sdts.dir\debug\gdal_sdts.lib
d:\github-repository\gdal\buildvs\frmts\sdts\gdal_sdts.dir\debug\gdal_sdts.tlog\cl.command.1.tlog
d:\github-repository\gdal\buildvs\frmts\sdts\gdal_sdts.dir\debug\gdal_sdts.tlog\cl.read.1.tlog
d:\github-repository\gdal\buildvs\frmts\sdts\gdal_sdts.dir\debug\gdal_sdts.tlog\cl.write.1.tlog
d:\github-repository\gdal\buildvs\frmts\sdts\gdal_sdts.dir\debug\gdal_sdts.tlog\custombuild.command.1.tlog
d:\github-repository\gdal\buildvs\frmts\sdts\gdal_sdts.dir\debug\gdal_sdts.tlog\custombuild.read.1.tlog
d:\github-repository\gdal\buildvs\frmts\sdts\gdal_sdts.dir\debug\gdal_sdts.tlog\custombuild.write.1.tlog
d:\github-repository\gdal\buildvs\frmts\sdts\gdal_sdts.dir\debug\gdal_sdts.tlog\lib-link.read.1.tlog
d:\github-repository\gdal\buildvs\frmts\sdts\gdal_sdts.dir\debug\gdal_sdts.tlog\lib-link.write.1.tlog
d:\github-repository\gdal\buildvs\frmts\sdts\gdal_sdts.dir\debug\gdal_sdts.tlog\lib.command.1.tlog
