d:\github-repository\gdal\buildvs\ogr\ogrsf_frmts\libkml\ogr_libkml.dir\debug\ogr_libkml.pdb
d:\github-repository\gdal\buildvs\ogr\ogrsf_frmts\libkml\ogr_libkml.dir\debug\ogrlibkmldrivercore.obj
d:\github-repository\gdal\buildvs\ogr\ogrsf_frmts\libkml\ogr_libkml.dir\debug\ogrlibkmlfield.obj
d:\github-repository\gdal\buildvs\ogr\ogrsf_frmts\libkml\ogr_libkml.dir\debug\ogrlibkmldatasource.obj
d:\github-repository\gdal\buildvs\ogr\ogrsf_frmts\libkml\ogr_libkml.dir\debug\ogrlibkmlstyle.obj
d:\github-repository\gdal\buildvs\ogr\ogrsf_frmts\libkml\ogr_libkml.dir\debug\ogrlibkmlgeometry.obj
d:\github-repository\gdal\buildvs\ogr\ogrsf_frmts\libkml\ogr_libkml.dir\debug\ogrlibkmlfeature.obj
d:\github-repository\gdal\buildvs\ogr\ogrsf_frmts\libkml\ogr_libkml.dir\debug\ogrlibkmllayer.obj
d:\github-repository\gdal\buildvs\ogr\ogrsf_frmts\libkml\ogr_libkml.dir\debug\ogrlibkmlfeaturestyle.obj
d:\github-repository\gdal\buildvs\ogr\ogrsf_frmts\libkml\ogr_libkml.dir\debug\ogrlibkmldriver.obj
d:\github-repository\gdal\buildvs\ogr\ogrsf_frmts\libkml\cmakefiles\generate.stamp
d:\github-repository\gdal\buildvs\ogr\ogrsf_frmts\libkml\ogr_libkml.dir\debug\ogr_libkml.lib
d:\github-repository\gdal\buildvs\ogr\ogrsf_frmts\libkml\ogr_libkml.dir\debug\ogr_libkml.tlog\cl.command.1.tlog
d:\github-repository\gdal\buildvs\ogr\ogrsf_frmts\libkml\ogr_libkml.dir\debug\ogr_libkml.tlog\cl.read.1.tlog
d:\github-repository\gdal\buildvs\ogr\ogrsf_frmts\libkml\ogr_libkml.dir\debug\ogr_libkml.tlog\cl.write.1.tlog
d:\github-repository\gdal\buildvs\ogr\ogrsf_frmts\libkml\ogr_libkml.dir\debug\ogr_libkml.tlog\custombuild.command.1.tlog
d:\github-repository\gdal\buildvs\ogr\ogrsf_frmts\libkml\ogr_libkml.dir\debug\ogr_libkml.tlog\custombuild.read.1.tlog
d:\github-repository\gdal\buildvs\ogr\ogrsf_frmts\libkml\ogr_libkml.dir\debug\ogr_libkml.tlog\custombuild.write.1.tlog
d:\github-repository\gdal\buildvs\ogr\ogrsf_frmts\libkml\ogr_libkml.dir\debug\ogr_libkml.tlog\lib-link.read.1.tlog
d:\github-repository\gdal\buildvs\ogr\ogrsf_frmts\libkml\ogr_libkml.dir\debug\ogr_libkml.tlog\lib-link.write.1.tlog
d:\github-repository\gdal\buildvs\ogr\ogrsf_frmts\libkml\ogr_libkml.dir\debug\ogr_libkml.tlog\lib.command.1.tlog
