d:\github-repository\gdal\buildvs\frmts\wcs\gdal_wcs.dir\debug\gdal_wcs.pdb
d:\github-repository\gdal\buildvs\frmts\wcs\gdal_wcs.dir\debug\wcsdrivercore.obj
d:\github-repository\gdal\buildvs\frmts\wcs\gdal_wcs.dir\debug\wcsutils.obj
d:\github-repository\gdal\buildvs\frmts\wcs\gdal_wcs.dir\debug\wcsrasterband.obj
d:\github-repository\gdal\buildvs\frmts\wcs\gdal_wcs.dir\debug\wcsdataset201.obj
d:\github-repository\gdal\buildvs\frmts\wcs\gdal_wcs.dir\debug\wcsdataset110.obj
d:\github-repository\gdal\buildvs\frmts\wcs\gdal_wcs.dir\debug\wcsdataset100.obj
d:\github-repository\gdal\buildvs\frmts\wcs\gdal_wcs.dir\debug\wcsdataset.obj
d:\github-repository\gdal\buildvs\frmts\wcs\gdal_wcs.dir\debug\gmlcoverage.obj
d:\github-repository\gdal\buildvs\frmts\wcs\cmakefiles\generate.stamp
d:\github-repository\gdal\buildvs\frmts\wcs\gdal_wcs.dir\debug\gdal_wcs.lib
d:\github-repository\gdal\buildvs\frmts\wcs\gdal_wcs.dir\debug\gdal_wcs.tlog\cl.command.1.tlog
d:\github-repository\gdal\buildvs\frmts\wcs\gdal_wcs.dir\debug\gdal_wcs.tlog\cl.read.1.tlog
d:\github-repository\gdal\buildvs\frmts\wcs\gdal_wcs.dir\debug\gdal_wcs.tlog\cl.write.1.tlog
d:\github-repository\gdal\buildvs\frmts\wcs\gdal_wcs.dir\debug\gdal_wcs.tlog\custombuild.command.1.tlog
d:\github-repository\gdal\buildvs\frmts\wcs\gdal_wcs.dir\debug\gdal_wcs.tlog\custombuild.read.1.tlog
d:\github-repository\gdal\buildvs\frmts\wcs\gdal_wcs.dir\debug\gdal_wcs.tlog\custombuild.write.1.tlog
d:\github-repository\gdal\buildvs\frmts\wcs\gdal_wcs.dir\debug\gdal_wcs.tlog\lib-link.read.1.tlog
d:\github-repository\gdal\buildvs\frmts\wcs\gdal_wcs.dir\debug\gdal_wcs.tlog\lib-link.write.1.tlog
d:\github-repository\gdal\buildvs\frmts\wcs\gdal_wcs.dir\debug\gdal_wcs.tlog\lib.command.1.tlog
