d:\github-repository\gdal\buildvs\ogr\ogrsf_frmts\vfk\ogr_vfk.dir\debug\ogr_vfk.pdb
d:\github-repository\gdal\buildvs\ogr\ogrsf_frmts\vfk\ogr_vfk.dir\debug\ogrvfkdrivercore.obj
d:\github-repository\gdal\buildvs\ogr\ogrsf_frmts\vfk\ogr_vfk.dir\debug\vfkfeaturesqlite.obj
d:\github-repository\gdal\buildvs\ogr\ogrsf_frmts\vfk\ogr_vfk.dir\debug\vfkfeature.obj
d:\github-repository\gdal\buildvs\ogr\ogrsf_frmts\vfk\ogr_vfk.dir\debug\vfkreadersqlite.obj
d:\github-repository\gdal\buildvs\ogr\ogrsf_frmts\vfk\ogr_vfk.dir\debug\vfkreader.obj
d:\github-repository\gdal\buildvs\ogr\ogrsf_frmts\vfk\ogr_vfk.dir\debug\vfkpropertydefn.obj
d:\github-repository\gdal\buildvs\ogr\ogrsf_frmts\vfk\ogr_vfk.dir\debug\vfkproperty.obj
d:\github-repository\gdal\buildvs\ogr\ogrsf_frmts\vfk\ogr_vfk.dir\debug\vfkdatablocksqlite.obj
d:\github-repository\gdal\buildvs\ogr\ogrsf_frmts\vfk\ogr_vfk.dir\debug\vfkdatablock.obj
d:\github-repository\gdal\buildvs\ogr\ogrsf_frmts\vfk\ogr_vfk.dir\debug\ogrvfklayer.obj
d:\github-repository\gdal\buildvs\ogr\ogrsf_frmts\vfk\ogr_vfk.dir\debug\ogrvfkdriver.obj
d:\github-repository\gdal\buildvs\ogr\ogrsf_frmts\vfk\ogr_vfk.dir\debug\ogrvfkdatasource.obj
d:\github-repository\gdal\buildvs\ogr\ogrsf_frmts\vfk\cmakefiles\generate.stamp
d:\github-repository\gdal\buildvs\ogr\ogrsf_frmts\vfk\ogr_vfk.dir\debug\ogr_vfk.lib
d:\github-repository\gdal\buildvs\ogr\ogrsf_frmts\vfk\ogr_vfk.dir\debug\ogr_vfk.tlog\cl.command.1.tlog
d:\github-repository\gdal\buildvs\ogr\ogrsf_frmts\vfk\ogr_vfk.dir\debug\ogr_vfk.tlog\cl.read.1.tlog
d:\github-repository\gdal\buildvs\ogr\ogrsf_frmts\vfk\ogr_vfk.dir\debug\ogr_vfk.tlog\cl.write.1.tlog
d:\github-repository\gdal\buildvs\ogr\ogrsf_frmts\vfk\ogr_vfk.dir\debug\ogr_vfk.tlog\custombuild.command.1.tlog
d:\github-repository\gdal\buildvs\ogr\ogrsf_frmts\vfk\ogr_vfk.dir\debug\ogr_vfk.tlog\custombuild.read.1.tlog
d:\github-repository\gdal\buildvs\ogr\ogrsf_frmts\vfk\ogr_vfk.dir\debug\ogr_vfk.tlog\custombuild.write.1.tlog
d:\github-repository\gdal\buildvs\ogr\ogrsf_frmts\vfk\ogr_vfk.dir\debug\ogr_vfk.tlog\lib-link.read.1.tlog
d:\github-repository\gdal\buildvs\ogr\ogrsf_frmts\vfk\ogr_vfk.dir\debug\ogr_vfk.tlog\lib-link.write.1.tlog
d:\github-repository\gdal\buildvs\ogr\ogrsf_frmts\vfk\ogr_vfk.dir\debug\ogr_vfk.tlog\lib.command.1.tlog
