d:\github-repository\gdal\buildvs\ogr\ogrsf_frmts\geojson\ogr_geojson.dir\debug\ogr_geojson.pdb
d:\github-repository\gdal\buildvs\ogr\ogrsf_frmts\geojson\ogr_geojson.dir\debug\ogrjsoncollectionstreamingparser.obj
d:\github-repository\gdal\buildvs\ogr\ogrsf_frmts\geojson\ogr_geojson.dir\debug\ogrtopojsondriver.obj
d:\github-repository\gdal\buildvs\ogr\ogrsf_frmts\geojson\ogr_geojson.dir\debug\ogrtopojsonreader.obj
d:\github-repository\gdal\buildvs\ogr\ogrsf_frmts\geojson\ogr_geojson.dir\debug\ogresrijsondriver.obj
d:\github-repository\gdal\buildvs\ogr\ogrsf_frmts\geojson\ogr_geojson.dir\debug\ogresrijsonreader.obj
d:\github-repository\gdal\buildvs\ogr\ogrsf_frmts\geojson\ogr_geojson.dir\debug\ogrgeojsonseqdriver.obj
d:\github-repository\gdal\buildvs\ogr\ogrsf_frmts\geojson\ogr_geojson.dir\debug\ogrgeojsondriver.obj
d:\github-repository\gdal\buildvs\ogr\ogrsf_frmts\geojson\ogr_geojson.dir\debug\ogrgeojsonwriter.obj
d:\github-repository\gdal\buildvs\ogr\ogrsf_frmts\geojson\ogr_geojson.dir\debug\ogrgeojsonwritelayer.obj
d:\github-repository\gdal\buildvs\ogr\ogrsf_frmts\geojson\ogr_geojson.dir\debug\ogrgeojsonutils.obj
d:\github-repository\gdal\buildvs\ogr\ogrsf_frmts\geojson\ogr_geojson.dir\debug\ogrgeojsonreader.obj
d:\github-repository\gdal\buildvs\ogr\ogrsf_frmts\geojson\ogr_geojson.dir\debug\ogrgeojsonlayer.obj
d:\github-repository\gdal\buildvs\ogr\ogrsf_frmts\geojson\ogr_geojson.dir\debug\ogrgeojsondatasource.obj
d:\github-repository\gdal\buildvs\ogr\ogrsf_frmts\geojson\cmakefiles\generate.stamp
d:\github-repository\gdal\buildvs\ogr\ogrsf_frmts\geojson\ogr_geojson.dir\debug\ogr_geojson.lib
d:\github-repository\gdal\buildvs\ogr\ogrsf_frmts\geojson\ogr_geojson.dir\debug\ogr_geojson.tlog\cl.command.1.tlog
d:\github-repository\gdal\buildvs\ogr\ogrsf_frmts\geojson\ogr_geojson.dir\debug\ogr_geojson.tlog\cl.read.1.tlog
d:\github-repository\gdal\buildvs\ogr\ogrsf_frmts\geojson\ogr_geojson.dir\debug\ogr_geojson.tlog\cl.write.1.tlog
d:\github-repository\gdal\buildvs\ogr\ogrsf_frmts\geojson\ogr_geojson.dir\debug\ogr_geojson.tlog\custombuild.command.1.tlog
d:\github-repository\gdal\buildvs\ogr\ogrsf_frmts\geojson\ogr_geojson.dir\debug\ogr_geojson.tlog\custombuild.read.1.tlog
d:\github-repository\gdal\buildvs\ogr\ogrsf_frmts\geojson\ogr_geojson.dir\debug\ogr_geojson.tlog\custombuild.write.1.tlog
d:\github-repository\gdal\buildvs\ogr\ogrsf_frmts\geojson\ogr_geojson.dir\debug\ogr_geojson.tlog\lib-link.read.1.tlog
d:\github-repository\gdal\buildvs\ogr\ogrsf_frmts\geojson\ogr_geojson.dir\debug\ogr_geojson.tlog\lib-link.write.1.tlog
d:\github-repository\gdal\buildvs\ogr\ogrsf_frmts\geojson\ogr_geojson.dir\debug\ogr_geojson.tlog\lib.command.1.tlog
