d:\github-repository\gdal\buildvs\gcore\mdreader\gcore_mdreader.dir\debug\gcore_mdreader.pdb
d:\github-repository\gdal\buildvs\gcore\mdreader\gcore_mdreader.dir\debug\reader_spot.obj
d:\github-repository\gdal\buildvs\gcore\mdreader\gcore_mdreader.dir\debug\reader_rdk1.obj
d:\github-repository\gdal\buildvs\gcore\mdreader\gcore_mdreader.dir\debug\reader_rapid_eye.obj
d:\github-repository\gdal\buildvs\gcore\mdreader\gcore_mdreader.dir\debug\reader_pleiades.obj
d:\github-repository\gdal\buildvs\gcore\mdreader\gcore_mdreader.dir\debug\reader_orb_view.obj
d:\github-repository\gdal\buildvs\gcore\mdreader\gcore_mdreader.dir\debug\reader_landsat.obj
d:\github-repository\gdal\buildvs\gcore\mdreader\gcore_mdreader.dir\debug\reader_kompsat.obj
d:\github-repository\gdal\buildvs\gcore\mdreader\gcore_mdreader.dir\debug\reader_geo_eye.obj
d:\github-repository\gdal\buildvs\gcore\mdreader\gcore_mdreader.dir\debug\reader_eros.obj
d:\github-repository\gdal\buildvs\gcore\mdreader\gcore_mdreader.dir\debug\reader_digital_globe.obj
d:\github-repository\gdal\buildvs\gcore\mdreader\gcore_mdreader.dir\debug\reader_alos.obj
d:\github-repository\gdal\buildvs\gcore\mdreader\cmakefiles\generate.stamp
d:\github-repository\gdal\buildvs\gcore\mdreader\gcore_mdreader.dir\debug\gcore_mdreader.lib
d:\github-repository\gdal\buildvs\gcore\mdreader\gcore_mdreader.dir\debug\gcore_mdreader.tlog\cl.command.1.tlog
d:\github-repository\gdal\buildvs\gcore\mdreader\gcore_mdreader.dir\debug\gcore_mdreader.tlog\cl.read.1.tlog
d:\github-repository\gdal\buildvs\gcore\mdreader\gcore_mdreader.dir\debug\gcore_mdreader.tlog\cl.write.1.tlog
d:\github-repository\gdal\buildvs\gcore\mdreader\gcore_mdreader.dir\debug\gcore_mdreader.tlog\custombuild.command.1.tlog
d:\github-repository\gdal\buildvs\gcore\mdreader\gcore_mdreader.dir\debug\gcore_mdreader.tlog\custombuild.read.1.tlog
d:\github-repository\gdal\buildvs\gcore\mdreader\gcore_mdreader.dir\debug\gcore_mdreader.tlog\custombuild.write.1.tlog
d:\github-repository\gdal\buildvs\gcore\mdreader\gcore_mdreader.dir\debug\gcore_mdreader.tlog\lib-link.read.1.tlog
d:\github-repository\gdal\buildvs\gcore\mdreader\gcore_mdreader.dir\debug\gcore_mdreader.tlog\lib-link.write.1.tlog
d:\github-repository\gdal\buildvs\gcore\mdreader\gcore_mdreader.dir\debug\gcore_mdreader.tlog\lib.command.1.tlog
