d:\github-repository\gdal\buildvs\ogr\ogrsf_frmts\generic\ogrsf_generic.dir\debug\ogrsf_generic.pdb
d:\github-repository\gdal\buildvs\ogr\ogrsf_frmts\generic\ogrsf_generic.dir\debug\ograrrowarrayhelper.obj
d:\github-repository\gdal\buildvs\ogr\ogrsf_frmts\generic\ogrsf_generic.dir\debug\ogrmutexedlayer.obj
d:\github-repository\gdal\buildvs\ogr\ogrsf_frmts\generic\ogrsf_generic.dir\debug\ogrmutexeddatasource.obj
d:\github-repository\gdal\buildvs\ogr\ogrsf_frmts\generic\ogrsf_generic.dir\debug\ogremulatedtransaction.obj
d:\github-repository\gdal\buildvs\ogr\ogrsf_frmts\generic\ogrsf_generic.dir\debug\ogreditablelayer.obj
d:\github-repository\gdal\buildvs\ogr\ogrsf_frmts\generic\ogrsf_generic.dir\debug\ogrlayerdecorator.obj
d:\github-repository\gdal\buildvs\ogr\ogrsf_frmts\generic\ogrsf_generic.dir\debug\ogrlayerpool.obj
d:\github-repository\gdal\buildvs\ogr\ogrsf_frmts\generic\ogrsf_generic.dir\debug\ogrunionlayer.obj
d:\github-repository\gdal\buildvs\ogr\ogrsf_frmts\generic\ogrsf_generic.dir\debug\ogrwarpedlayer.obj
d:\github-repository\gdal\buildvs\ogr\ogrsf_frmts\generic\ogrsf_generic.dir\debug\ogr_miattrind.obj
d:\github-repository\gdal\buildvs\ogr\ogrsf_frmts\generic\ogrsf_generic.dir\debug\ogr_attrind.obj
d:\github-repository\gdal\buildvs\ogr\ogrsf_frmts\generic\ogrsf_generic.dir\debug\ogr_gensql.obj
d:\github-repository\gdal\buildvs\ogr\ogrsf_frmts\generic\ogrsf_generic.dir\debug\ogrsfdriver.obj
d:\github-repository\gdal\buildvs\ogr\ogrsf_frmts\generic\ogrsf_generic.dir\debug\ogrdatasource.obj
d:\github-repository\gdal\buildvs\ogr\ogrsf_frmts\generic\ogrsf_generic.dir\debug\ogrlayerarrow.obj
d:\github-repository\gdal\buildvs\ogr\ogrsf_frmts\generic\ogrsf_generic.dir\debug\ogrlayer.obj
d:\github-repository\gdal\buildvs\ogr\ogrsf_frmts\generic\ogrsf_generic.dir\debug\ogrsfdriverregistrar.obj
d:\github-repository\gdal\buildvs\ogr\ogrsf_frmts\generic\cmakefiles\generate.stamp
d:\github-repository\gdal\buildvs\ogr\ogrsf_frmts\generic\ogrsf_generic.dir\debug\ogrsf_generic.lib
d:\github-repository\gdal\buildvs\ogr\ogrsf_frmts\generic\ogrsf_generic.dir\debug\ogrsf_generic.tlog\cl.command.1.tlog
d:\github-repository\gdal\buildvs\ogr\ogrsf_frmts\generic\ogrsf_generic.dir\debug\ogrsf_generic.tlog\cl.read.1.tlog
d:\github-repository\gdal\buildvs\ogr\ogrsf_frmts\generic\ogrsf_generic.dir\debug\ogrsf_generic.tlog\cl.write.1.tlog
d:\github-repository\gdal\buildvs\ogr\ogrsf_frmts\generic\ogrsf_generic.dir\debug\ogrsf_generic.tlog\custombuild.command.1.tlog
d:\github-repository\gdal\buildvs\ogr\ogrsf_frmts\generic\ogrsf_generic.dir\debug\ogrsf_generic.tlog\custombuild.read.1.tlog
d:\github-repository\gdal\buildvs\ogr\ogrsf_frmts\generic\ogrsf_generic.dir\debug\ogrsf_generic.tlog\custombuild.write.1.tlog
d:\github-repository\gdal\buildvs\ogr\ogrsf_frmts\generic\ogrsf_generic.dir\debug\ogrsf_generic.tlog\lib-link.read.1.tlog
d:\github-repository\gdal\buildvs\ogr\ogrsf_frmts\generic\ogrsf_generic.dir\debug\ogrsf_generic.tlog\lib-link.write.1.tlog
d:\github-repository\gdal\buildvs\ogr\ogrsf_frmts\generic\ogrsf_generic.dir\debug\ogrsf_generic.tlog\lib.command.1.tlog
