d:\github-repository\gdal\buildvs\frmts\hdf5\gdal_hdf5.dir\debug\gdal_hdf5.pdb
d:\github-repository\gdal\buildvs\frmts\hdf5\gdal_hdf5.dir\debug\hdf5drivercore.obj
d:\github-repository\gdal\buildvs\frmts\hdf5\gdal_hdf5.dir\debug\s111dataset.obj
d:\github-repository\gdal\buildvs\frmts\hdf5\gdal_hdf5.dir\debug\s104dataset.obj
d:\github-repository\gdal\buildvs\frmts\hdf5\gdal_hdf5.dir\debug\s102dataset.obj
d:\github-repository\gdal\buildvs\frmts\hdf5\gdal_hdf5.dir\debug\s100.obj
d:\github-repository\gdal\buildvs\frmts\hdf5\gdal_hdf5.dir\debug\rat.obj
d:\github-repository\gdal\buildvs\frmts\hdf5\gdal_hdf5.dir\debug\hdf5eosparser.obj
d:\github-repository\gdal\buildvs\frmts\hdf5\gdal_hdf5.dir\debug\hdf5multidim.obj
d:\github-repository\gdal\buildvs\frmts\hdf5\gdal_hdf5.dir\debug\bagdataset.obj
d:\github-repository\gdal\buildvs\frmts\hdf5\gdal_hdf5.dir\debug\iso19115_srs.obj
d:\github-repository\gdal\buildvs\frmts\hdf5\gdal_hdf5.dir\debug\gh5_convenience.obj
d:\github-repository\gdal\buildvs\frmts\hdf5\gdal_hdf5.dir\debug\hdf5imagedataset.obj
d:\github-repository\gdal\buildvs\frmts\hdf5\gdal_hdf5.dir\debug\hdf5dataset.obj
d:\github-repository\gdal\buildvs\frmts\hdf5\cmakefiles\generate.stamp
d:\github-repository\gdal\buildvs\frmts\hdf5\gdal_hdf5.dir\debug\gdal_hdf5.lib
d:\github-repository\gdal\buildvs\frmts\hdf5\gdal_hdf5.dir\debug\gdal_hdf5.tlog\cl.command.1.tlog
d:\github-repository\gdal\buildvs\frmts\hdf5\gdal_hdf5.dir\debug\gdal_hdf5.tlog\cl.read.1.tlog
d:\github-repository\gdal\buildvs\frmts\hdf5\gdal_hdf5.dir\debug\gdal_hdf5.tlog\cl.write.1.tlog
d:\github-repository\gdal\buildvs\frmts\hdf5\gdal_hdf5.dir\debug\gdal_hdf5.tlog\custombuild.command.1.tlog
d:\github-repository\gdal\buildvs\frmts\hdf5\gdal_hdf5.dir\debug\gdal_hdf5.tlog\custombuild.read.1.tlog
d:\github-repository\gdal\buildvs\frmts\hdf5\gdal_hdf5.dir\debug\gdal_hdf5.tlog\custombuild.write.1.tlog
d:\github-repository\gdal\buildvs\frmts\hdf5\gdal_hdf5.dir\debug\gdal_hdf5.tlog\lib-link.read.1.tlog
d:\github-repository\gdal\buildvs\frmts\hdf5\gdal_hdf5.dir\debug\gdal_hdf5.tlog\lib-link.write.1.tlog
d:\github-repository\gdal\buildvs\frmts\hdf5\gdal_hdf5.dir\debug\gdal_hdf5.tlog\lib.command.1.tlog
