d:\github-repository\gdal\buildvs\apps\appslib.dir\debug\appslib.pdb
d:\github-repository\gdal\buildvs\apps\appslib.dir\debug\gdaltindex_lib.obj
d:\github-repository\gdal\buildvs\apps\appslib.dir\debug\gdalmdimtranslate_lib.obj
d:\github-repository\gdal\buildvs\apps\appslib.dir\debug\gdalmdiminfo_lib.obj
d:\github-repository\gdal\buildvs\apps\appslib.dir\debug\gdal_footprint_lib.obj
d:\github-repository\gdal\buildvs\apps\appslib.dir\debug\nearblack_lib_floodfill.obj
d:\github-repository\gdal\buildvs\apps\appslib.dir\debug\nearblack_lib.obj
d:\github-repository\gdal\buildvs\apps\appslib.dir\debug\gdaldem_lib.obj
d:\github-repository\gdal\buildvs\apps\appslib.dir\debug\ogr2ogr_lib.obj
d:\github-repository\gdal\buildvs\apps\appslib.dir\debug\ogrinfo_lib.obj
d:\github-repository\gdal\buildvs\apps\appslib.dir\debug\commonutils.obj
d:\github-repository\gdal\buildvs\apps\appslib.dir\debug\gdalwarp_lib.obj
d:\github-repository\gdal\buildvs\apps\appslib.dir\debug\gdal_rasterize_lib.obj
d:\github-repository\gdal\buildvs\apps\appslib.dir\debug\gdal_translate_lib.obj
d:\github-repository\gdal\buildvs\apps\appslib.dir\debug\gdal_grid_lib.obj
d:\github-repository\gdal\buildvs\apps\appslib.dir\debug\gdalbuildvrt_lib.obj
d:\github-repository\gdal\buildvs\apps\appslib.dir\debug\gdalinfo_lib.obj
d:\github-repository\gdal\buildvs\apps\cmakefiles\generate.stamp
d:\github-repository\gdal\buildvs\apps\appslib.dir\debug\appslib.lib
d:\github-repository\gdal\buildvs\apps\appslib.dir\debug\appslib.tlog\cl.command.1.tlog
d:\github-repository\gdal\buildvs\apps\appslib.dir\debug\appslib.tlog\cl.read.1.tlog
d:\github-repository\gdal\buildvs\apps\appslib.dir\debug\appslib.tlog\cl.write.1.tlog
d:\github-repository\gdal\buildvs\apps\appslib.dir\debug\appslib.tlog\custombuild.command.1.tlog
d:\github-repository\gdal\buildvs\apps\appslib.dir\debug\appslib.tlog\custombuild.read.1.tlog
d:\github-repository\gdal\buildvs\apps\appslib.dir\debug\appslib.tlog\custombuild.write.1.tlog
d:\github-repository\gdal\buildvs\apps\appslib.dir\debug\appslib.tlog\lib-link.read.1.tlog
d:\github-repository\gdal\buildvs\apps\appslib.dir\debug\appslib.tlog\lib-link.write.1.tlog
d:\github-repository\gdal\buildvs\apps\appslib.dir\debug\appslib.tlog\lib.command.1.tlog
