d:\github-repository\gdal\buildvs\ogr\ogrsf_frmts\gml\ogr_gml.dir\debug\ogr_gml.pdb
d:\github-repository\gdal\buildvs\ogr\ogrsf_frmts\gml\ogr_gml.dir\debug\ogrgmldatasource.obj
d:\github-repository\gdal\buildvs\ogr\ogrsf_frmts\gml\ogr_gml.dir\debug\gmlutils.obj
d:\github-repository\gdal\buildvs\ogr\ogrsf_frmts\gml\ogr_gml.dir\debug\gmlhandler.obj
d:\github-repository\gdal\buildvs\ogr\ogrsf_frmts\gml\ogr_gml.dir\debug\parsexsd.obj
d:\github-repository\gdal\buildvs\ogr\ogrsf_frmts\gml\ogr_gml.dir\debug\gmlfeatureclass.obj
d:\github-repository\gdal\buildvs\ogr\ogrsf_frmts\gml\ogr_gml.dir\debug\ogrgmllayer.obj
d:\github-repository\gdal\buildvs\ogr\ogrsf_frmts\gml\ogr_gml.dir\debug\hugefileresolver.obj
d:\github-repository\gdal\buildvs\ogr\ogrsf_frmts\gml\ogr_gml.dir\debug\gmlregistry.obj
d:\github-repository\gdal\buildvs\ogr\ogrsf_frmts\gml\ogr_gml.dir\debug\gmlreader.obj
d:\github-repository\gdal\buildvs\ogr\ogrsf_frmts\gml\ogr_gml.dir\debug\gmlfeature.obj
d:\github-repository\gdal\buildvs\ogr\ogrsf_frmts\gml\ogr_gml.dir\debug\resolvexlinks.obj
d:\github-repository\gdal\buildvs\ogr\ogrsf_frmts\gml\ogr_gml.dir\debug\ogrgmldriver.obj
d:\github-repository\gdal\buildvs\ogr\ogrsf_frmts\gml\ogr_gml.dir\debug\gmlreadstate.obj
d:\github-repository\gdal\buildvs\ogr\ogrsf_frmts\gml\ogr_gml.dir\debug\gmlpropertydefn.obj
d:\github-repository\gdal\buildvs\ogr\ogrsf_frmts\gml\ogr_gml.dir\debug\gfstemplate.obj
d:\github-repository\gdal\buildvs\ogr\ogrsf_frmts\gml\cmakefiles\generate.stamp
d:\github-repository\gdal\buildvs\ogr\ogrsf_frmts\gml\ogr_gml.dir\debug\ogr_gml.lib
d:\github-repository\gdal\buildvs\ogr\ogrsf_frmts\gml\ogr_gml.dir\debug\ogr_gml.tlog\cl.command.1.tlog
d:\github-repository\gdal\buildvs\ogr\ogrsf_frmts\gml\ogr_gml.dir\debug\ogr_gml.tlog\cl.read.1.tlog
d:\github-repository\gdal\buildvs\ogr\ogrsf_frmts\gml\ogr_gml.dir\debug\ogr_gml.tlog\cl.write.1.tlog
d:\github-repository\gdal\buildvs\ogr\ogrsf_frmts\gml\ogr_gml.dir\debug\ogr_gml.tlog\custombuild.command.1.tlog
d:\github-repository\gdal\buildvs\ogr\ogrsf_frmts\gml\ogr_gml.dir\debug\ogr_gml.tlog\custombuild.read.1.tlog
d:\github-repository\gdal\buildvs\ogr\ogrsf_frmts\gml\ogr_gml.dir\debug\ogr_gml.tlog\custombuild.write.1.tlog
d:\github-repository\gdal\buildvs\ogr\ogrsf_frmts\gml\ogr_gml.dir\debug\ogr_gml.tlog\lib-link.read.1.tlog
d:\github-repository\gdal\buildvs\ogr\ogrsf_frmts\gml\ogr_gml.dir\debug\ogr_gml.tlog\lib-link.write.1.tlog
d:\github-repository\gdal\buildvs\ogr\ogrsf_frmts\gml\ogr_gml.dir\debug\ogr_gml.tlog\lib.command.1.tlog
