d:\github-repository\gdal\buildvs\frmts\wms\gdal_wms.dir\debug\gdal_wms.pdb
d:\github-repository\gdal\buildvs\frmts\wms\gdal_wms.dir\debug\wmsdrivercore.obj
d:\github-repository\gdal\buildvs\frmts\wms\gdal_wms.dir\debug\gdalwmsdataset.obj
d:\github-repository\gdal\buildvs\frmts\wms\gdal_wms.dir\debug\wmsmetadataset.obj
d:\github-repository\gdal\buildvs\frmts\wms\gdal_wms.dir\debug\minidriver_worldwind.obj
d:\github-repository\gdal\buildvs\frmts\wms\gdal_wms.dir\debug\minidriver_virtualearth.obj
d:\github-repository\gdal\buildvs\frmts\wms\gdal_wms.dir\debug\minidriver_tileservice.obj
d:\github-repository\gdal\buildvs\frmts\wms\gdal_wms.dir\debug\minidriver_ogcapimaps.obj
d:\github-repository\gdal\buildvs\frmts\wms\gdal_wms.dir\debug\minidriver_ogcapicoverage.obj
d:\github-repository\gdal\buildvs\frmts\wms\gdal_wms.dir\debug\minidriver_mrf.obj
d:\github-repository\gdal\buildvs\frmts\wms\gdal_wms.dir\debug\minidriver_arcgis_server.obj
d:\github-repository\gdal\buildvs\frmts\wms\gdal_wms.dir\debug\gdalwmscache.obj
d:\github-repository\gdal\buildvs\frmts\wms\gdal_wms.dir\debug\minidriver.obj
d:\github-repository\gdal\buildvs\frmts\wms\gdal_wms.dir\debug\wmsutils.obj
d:\github-repository\gdal\buildvs\frmts\wms\gdal_wms.dir\debug\wmsdriver.obj
d:\github-repository\gdal\buildvs\frmts\wms\gdal_wms.dir\debug\minidriver_wms.obj
d:\github-repository\gdal\buildvs\frmts\wms\gdal_wms.dir\debug\minidriver_tms.obj
d:\github-repository\gdal\buildvs\frmts\wms\gdal_wms.dir\debug\minidriver_tiled_wms.obj
d:\github-repository\gdal\buildvs\frmts\wms\gdal_wms.dir\debug\minidriver_iip.obj
d:\github-repository\gdal\buildvs\frmts\wms\gdal_wms.dir\debug\gdalwmsrasterband.obj
d:\github-repository\gdal\buildvs\frmts\wms\gdal_wms.dir\debug\gdalhttp.obj
d:\github-repository\gdal\buildvs\frmts\wms\cmakefiles\generate.stamp
d:\github-repository\gdal\buildvs\frmts\wms\gdal_wms.dir\debug\gdal_wms.lib
d:\github-repository\gdal\buildvs\frmts\wms\gdal_wms.dir\debug\gdal_wms.tlog\cl.command.1.tlog
d:\github-repository\gdal\buildvs\frmts\wms\gdal_wms.dir\debug\gdal_wms.tlog\cl.read.1.tlog
d:\github-repository\gdal\buildvs\frmts\wms\gdal_wms.dir\debug\gdal_wms.tlog\cl.write.1.tlog
d:\github-repository\gdal\buildvs\frmts\wms\gdal_wms.dir\debug\gdal_wms.tlog\custombuild.command.1.tlog
d:\github-repository\gdal\buildvs\frmts\wms\gdal_wms.dir\debug\gdal_wms.tlog\custombuild.read.1.tlog
d:\github-repository\gdal\buildvs\frmts\wms\gdal_wms.dir\debug\gdal_wms.tlog\custombuild.write.1.tlog
d:\github-repository\gdal\buildvs\frmts\wms\gdal_wms.dir\debug\gdal_wms.tlog\lib-link.read.1.tlog
d:\github-repository\gdal\buildvs\frmts\wms\gdal_wms.dir\debug\gdal_wms.tlog\lib-link.write.1.tlog
d:\github-repository\gdal\buildvs\frmts\wms\gdal_wms.dir\debug\gdal_wms.tlog\lib.command.1.tlog
