d:\github-repository\gdal\buildvs\frmts\pdf\gdal_pdf.dir\debug\gdal_pdf.pdb
d:\github-repository\gdal\buildvs\frmts\pdf\gdal_pdf.dir\debug\pdfdrivercore.obj
d:\github-repository\gdal\buildvs\frmts\pdf\gdal_pdf.dir\debug\pdfcreatefromcomposition.obj
d:\github-repository\gdal\buildvs\frmts\pdf\gdal_pdf.dir\debug\pdfwritabledataset.obj
d:\github-repository\gdal\buildvs\frmts\pdf\gdal_pdf.dir\debug\pdfreadvectors.obj
d:\github-repository\gdal\buildvs\frmts\pdf\gdal_pdf.dir\debug\pdfobject.obj
d:\github-repository\gdal\buildvs\frmts\pdf\gdal_pdf.dir\debug\pdfio.obj
d:\github-repository\gdal\buildvs\frmts\pdf\gdal_pdf.dir\debug\pdfdataset.obj
d:\github-repository\gdal\buildvs\frmts\pdf\gdal_pdf.dir\debug\pdfcreatecopy.obj
d:\github-repository\gdal\buildvs\frmts\pdf\gdal_pdf.dir\debug\ogrpdflayer.obj
d:\github-repository\gdal\buildvs\frmts\pdf\cmakefiles\generate.stamp
d:\github-repository\gdal\buildvs\frmts\pdf\gdal_pdf.dir\debug\gdal_pdf.lib
d:\github-repository\gdal\buildvs\frmts\pdf\gdal_pdf.dir\debug\gdal_pdf.tlog\cl.command.1.tlog
d:\github-repository\gdal\buildvs\frmts\pdf\gdal_pdf.dir\debug\gdal_pdf.tlog\cl.read.1.tlog
d:\github-repository\gdal\buildvs\frmts\pdf\gdal_pdf.dir\debug\gdal_pdf.tlog\cl.write.1.tlog
d:\github-repository\gdal\buildvs\frmts\pdf\gdal_pdf.dir\debug\gdal_pdf.tlog\custombuild.command.1.tlog
d:\github-repository\gdal\buildvs\frmts\pdf\gdal_pdf.dir\debug\gdal_pdf.tlog\custombuild.read.1.tlog
d:\github-repository\gdal\buildvs\frmts\pdf\gdal_pdf.dir\debug\gdal_pdf.tlog\custombuild.write.1.tlog
d:\github-repository\gdal\buildvs\frmts\pdf\gdal_pdf.dir\debug\gdal_pdf.tlog\lib-link.read.1.tlog
d:\github-repository\gdal\buildvs\frmts\pdf\gdal_pdf.dir\debug\gdal_pdf.tlog\lib-link.write.1.tlog
d:\github-repository\gdal\buildvs\frmts\pdf\gdal_pdf.dir\debug\gdal_pdf.tlog\lib.command.1.tlog
