d:\github-repository\gdal\buildvs\port\cpl.dir\debug\cpl.pdb
d:\github-repository\gdal\buildvs\port\cpl.dir\debug\cpl_hash_set.obj
d:\github-repository\gdal\buildvs\port\cpl.dir\debug\cpl_http.obj
d:\github-repository\gdal\buildvs\port\cpl.dir\debug\cpl_vsil.obj
d:\github-repository\gdal\buildvs\port\cpl.dir\debug\cpl_vsisimple.obj
d:\github-repository\gdal\buildvs\port\cpl.dir\debug\cplstring.obj
d:\github-repository\gdal\buildvs\port\cpl.dir\debug\cpl_getexecpath.obj
d:\github-repository\gdal\buildvs\port\cpl.dir\debug\cpl_list.obj
d:\github-repository\gdal\buildvs\port\cpl.dir\debug\cpl_multiproc.obj
d:\github-repository\gdal\buildvs\port\cpl.dir\debug\cpl_minixml.obj
d:\github-repository\gdal\buildvs\port\cpl.dir\debug\cpl_findfile.obj
d:\github-repository\gdal\buildvs\port\cpl.dir\debug\cpl_csv.obj
d:\github-repository\gdal\buildvs\port\cpl.dir\debug\cpl_path.obj
d:\github-repository\gdal\buildvs\port\cpl.dir\debug\cpl_strtod.obj
d:\github-repository\gdal\buildvs\port\cpl.dir\debug\cplstringlist.obj
d:\github-repository\gdal\buildvs\port\cpl.dir\debug\cplgetsymbol.obj
d:\github-repository\gdal\buildvs\port\cpl.dir\debug\cpl_string.obj
d:\github-repository\gdal\buildvs\port\cpl.dir\debug\cpl_error.obj
d:\github-repository\gdal\buildvs\port\cpl.dir\debug\cpl_conv.obj
d:\github-repository\gdal\buildvs\port\cpl.dir\debug\cpl_azure.obj
d:\github-repository\gdal\buildvs\port\cpl.dir\debug\cpl_alibaba_oss.obj
d:\github-repository\gdal\buildvs\port\cpl.dir\debug\cpl_xml_validate.obj
d:\github-repository\gdal\buildvs\port\cpl.dir\debug\cpl_vsil_cache.obj
d:\github-repository\gdal\buildvs\port\cpl.dir\debug\cpl_vsil_curl_streaming.obj
d:\github-repository\gdal\buildvs\port\cpl.dir\debug\cpl_vsil_curl.obj
d:\github-repository\gdal\buildvs\port\cpl.dir\debug\cpl_base64.obj
d:\github-repository\gdal\buildvs\port\cpl.dir\debug\cpl_vsil_plugin.obj
d:\github-repository\gdal\buildvs\port\cpl.dir\debug\cpl_vsil_buffered_reader.obj
d:\github-repository\gdal\buildvs\port\cpl.dir\debug\cpl_vsil_stdin.obj
d:\github-repository\gdal\buildvs\port\cpl.dir\debug\cpl_vsil_libarchive.obj
d:\github-repository\gdal\buildvs\port\cpl.dir\debug\cpl_vsil_tar.obj
d:\github-repository\gdal\buildvs\port\cpl.dir\debug\cpl_vsil_abstract_archive.obj
d:\github-repository\gdal\buildvs\port\cpl.dir\debug\cpl_vsil_sparsefile.obj
d:\github-repository\gdal\buildvs\port\cpl.dir\debug\cpl_vsil_stdout.obj
d:\github-repository\gdal\buildvs\port\cpl.dir\debug\cpl_time.obj
d:\github-repository\gdal\buildvs\port\cpl.dir\debug\cpl_vsil_subfile.obj
d:\github-repository\gdal\buildvs\port\cpl.dir\debug\cpl_atomic_ops.obj
d:\github-repository\gdal\buildvs\port\cpl.dir\debug\cpl_quad_tree.obj
d:\github-repository\gdal\buildvs\port\cpl.dir\debug\cpl_recode_stub.obj
d:\github-repository\gdal\buildvs\port\cpl.dir\debug\cpl_recode.obj
d:\github-repository\gdal\buildvs\port\cpl.dir\debug\cplkeywordparser.obj
d:\github-repository\gdal\buildvs\port\cpl.dir\debug\cpl_vsil_az.obj
d:\github-repository\gdal\buildvs\port\cpl.dir\debug\cpl_vsil_adls.obj
d:\github-repository\gdal\buildvs\port\cpl.dir\debug\cpl_swift.obj
d:\github-repository\gdal\buildvs\port\cpl.dir\debug\cpl_vsil_hdfs.obj
d:\github-repository\gdal\buildvs\port\cpl.dir\debug\cpl_md5.obj
d:\github-repository\gdal\buildvs\port\cpl.dir\debug\cpl_json_streaming_parser.obj
d:\github-repository\gdal\buildvs\port\cpl.dir\debug\cpl_json.obj
d:\github-repository\gdal\buildvs\port\cpl.dir\debug\cpl_google_cloud.obj
d:\github-repository\gdal\buildvs\port\cpl.dir\debug\cpl_cpu_features.obj
d:\github-repository\gdal\buildvs\port\cpl.dir\debug\cpl_vsi_error.obj
d:\github-repository\gdal\buildvs\port\cpl.dir\debug\cpl_aws_win32.obj
d:\github-repository\gdal\buildvs\port\cpl.dir\debug\cpl_aws.obj
d:\github-repository\gdal\buildvs\port\cpl.dir\debug\cpl_sha256.obj
d:\github-repository\gdal\buildvs\port\cpl.dir\debug\cpl_sha1.obj
d:\github-repository\gdal\buildvs\port\cpl.dir\debug\cpl_vsil_crypt.obj
d:\github-repository\gdal\buildvs\port\cpl.dir\debug\cpl_worker_thread_pool.obj
d:\github-repository\gdal\buildvs\port\cpl.dir\debug\cpl_virtualmem.obj
d:\github-repository\gdal\buildvs\port\cpl.dir\debug\cpl_progress.obj
d:\github-repository\gdal\buildvs\port\cpl.dir\debug\cpl_google_oauth2.obj
d:\github-repository\gdal\buildvs\port\cpl.dir\debug\cpl_spawn.obj
d:\github-repository\gdal\buildvs\port\cpl.dir\debug\cpl_odbc.obj
d:\github-repository\gdal\buildvs\port\cpl.dir\debug\cpl_minizip_zip.obj
d:\github-repository\gdal\buildvs\port\cpl.dir\debug\cpl_minizip_unzip.obj
d:\github-repository\gdal\buildvs\port\cpl.dir\debug\cpl_minizip_ioapi.obj
d:\github-repository\gdal\buildvs\port\cpl.dir\debug\cpl_vsil_gzip.obj
d:\github-repository\gdal\buildvs\port\cpl.dir\debug\cpl_vsil_win32.obj
d:\github-repository\gdal\buildvs\port\cpl.dir\debug\cpl_float.obj
d:\github-repository\gdal\buildvs\port\cpl.dir\debug\cpl_compressor.obj
d:\github-repository\gdal\buildvs\port\cpl.dir\debug\cpl_vax.obj
d:\github-repository\gdal\buildvs\port\cpl.dir\debug\cpl_userfaultfd.obj
d:\github-repository\gdal\buildvs\port\cpl.dir\debug\cpl_json_streaming_writer.obj
d:\github-repository\gdal\buildvs\port\cpl.dir\debug\cpl_vsil_swift.obj
d:\github-repository\gdal\buildvs\port\cpl.dir\debug\cpl_vsil_oss.obj
d:\github-repository\gdal\buildvs\port\cpl.dir\debug\cpl_vsil_s3.obj
d:\github-repository\gdal\buildvs\port\cpl.dir\debug\cpl_vsil_webhdfs.obj
d:\github-repository\gdal\buildvs\port\cpl.dir\debug\cpl_vsil_gs.obj
d:\github-repository\gdal\buildvs\port\cpl.dir\debug\cpl_vsil_uploadonclose.obj
d:\github-repository\gdal\buildvs\port\cmakefiles\generate.stamp
d:\github-repository\gdal\buildvs\port\cpl.dir\debug\cpl.lib
d:\github-repository\gdal\buildvs\port\cpl.dir\debug\cpl.tlog\cl.command.1.tlog
d:\github-repository\gdal\buildvs\port\cpl.dir\debug\cpl.tlog\cl.read.1.tlog
d:\github-repository\gdal\buildvs\port\cpl.dir\debug\cpl.tlog\cl.write.1.tlog
d:\github-repository\gdal\buildvs\port\cpl.dir\debug\cpl.tlog\custombuild.command.1.tlog
d:\github-repository\gdal\buildvs\port\cpl.dir\debug\cpl.tlog\custombuild.read.1.tlog
d:\github-repository\gdal\buildvs\port\cpl.dir\debug\cpl.tlog\custombuild.write.1.tlog
d:\github-repository\gdal\buildvs\port\cpl.dir\debug\cpl.tlog\lib-link.read.1.tlog
d:\github-repository\gdal\buildvs\port\cpl.dir\debug\cpl.tlog\lib-link.write.1.tlog
d:\github-repository\gdal\buildvs\port\cpl.dir\debug\cpl.tlog\lib.command.1.tlog
