d:\github-repository\gdal\buildvs\frmts\vrt\gdal_vrt.dir\debug\gdal_vrt.pdb
d:\github-repository\gdal\buildvs\frmts\vrt\gdal_vrt.dir\debug\gdaltileindexdataset.obj
d:\github-repository\gdal\buildvs\frmts\vrt\gdal_vrt.dir\debug\vrtmultidim.obj
d:\github-repository\gdal\buildvs\frmts\vrt\gdal_vrt.dir\debug\vrtpansharpened.obj
d:\github-repository\gdal\buildvs\frmts\vrt\gdal_vrt.dir\debug\pixelfunctions.obj
d:\github-repository\gdal\buildvs\frmts\vrt\gdal_vrt.dir\debug\vrtdataset.obj
d:\github-repository\gdal\buildvs\frmts\vrt\gdal_vrt.dir\debug\vrtwarped.obj
d:\github-repository\gdal\buildvs\frmts\vrt\gdal_vrt.dir\debug\vrtsources.obj
d:\github-repository\gdal\buildvs\frmts\vrt\gdal_vrt.dir\debug\vrtsourcedrasterband.obj
d:\github-repository\gdal\buildvs\frmts\vrt\gdal_vrt.dir\debug\vrtrawrasterband.obj
d:\github-repository\gdal\buildvs\frmts\vrt\gdal_vrt.dir\debug\vrtrasterband.obj
d:\github-repository\gdal\buildvs\frmts\vrt\gdal_vrt.dir\debug\vrtfilters.obj
d:\github-repository\gdal\buildvs\frmts\vrt\gdal_vrt.dir\debug\vrtdriver.obj
d:\github-repository\gdal\buildvs\frmts\vrt\gdal_vrt.dir\debug\vrtderivedrasterband.obj
d:\github-repository\gdal\buildvs\frmts\vrt\cmakefiles\generate.stamp
d:\github-repository\gdal\buildvs\frmts\vrt\gdal_vrt.dir\debug\gdal_vrt.lib
d:\github-repository\gdal\buildvs\frmts\vrt\gdal_vrt.dir\debug\gdal_vrt.tlog\cl.command.1.tlog
d:\github-repository\gdal\buildvs\frmts\vrt\gdal_vrt.dir\debug\gdal_vrt.tlog\cl.read.1.tlog
d:\github-repository\gdal\buildvs\frmts\vrt\gdal_vrt.dir\debug\gdal_vrt.tlog\cl.write.1.tlog
d:\github-repository\gdal\buildvs\frmts\vrt\gdal_vrt.dir\debug\gdal_vrt.tlog\custombuild.command.1.tlog
d:\github-repository\gdal\buildvs\frmts\vrt\gdal_vrt.dir\debug\gdal_vrt.tlog\custombuild.read.1.tlog
d:\github-repository\gdal\buildvs\frmts\vrt\gdal_vrt.dir\debug\gdal_vrt.tlog\custombuild.write.1.tlog
d:\github-repository\gdal\buildvs\frmts\vrt\gdal_vrt.dir\debug\gdal_vrt.tlog\lib-link.read.1.tlog
d:\github-repository\gdal\buildvs\frmts\vrt\gdal_vrt.dir\debug\gdal_vrt.tlog\lib-link.write.1.tlog
d:\github-repository\gdal\buildvs\frmts\vrt\gdal_vrt.dir\debug\gdal_vrt.tlog\lib.command.1.tlog
