d:\github-repository\gdal\buildvs\ogr\ogrsf_frmts\cad\libopencad\libopencad.dir\debug\libopencad.pdb
d:\github-repository\gdal\buildvs\ogr\ogrsf_frmts\cad\libopencad\libopencad.dir\debug\opencad.obj
d:\github-repository\gdal\buildvs\ogr\ogrsf_frmts\cad\libopencad\libopencad.dir\debug\cadtables.obj
d:\github-repository\gdal\buildvs\ogr\ogrsf_frmts\cad\libopencad\libopencad.dir\debug\cadobjects.obj
d:\github-repository\gdal\buildvs\ogr\ogrsf_frmts\cad\libopencad\libopencad.dir\debug\cadlayer.obj
d:\github-repository\gdal\buildvs\ogr\ogrsf_frmts\cad\libopencad\libopencad.dir\debug\cadheader.obj
d:\github-repository\gdal\buildvs\ogr\ogrsf_frmts\cad\libopencad\libopencad.dir\debug\cadfilestreamio.obj
d:\github-repository\gdal\buildvs\ogr\ogrsf_frmts\cad\libopencad\libopencad.dir\debug\cadgeometry.obj
d:\github-repository\gdal\buildvs\ogr\ogrsf_frmts\cad\libopencad\libopencad.dir\debug\cadfileio.obj
d:\github-repository\gdal\buildvs\ogr\ogrsf_frmts\cad\libopencad\libopencad.dir\debug\cadfile.obj
d:\github-repository\gdal\buildvs\ogr\ogrsf_frmts\cad\libopencad\libopencad.dir\debug\caddictionary.obj
d:\github-repository\gdal\buildvs\ogr\ogrsf_frmts\cad\libopencad\libopencad.dir\debug\cadcolors.obj
d:\github-repository\gdal\buildvs\ogr\ogrsf_frmts\cad\libopencad\libopencad.dir\debug\cadclasses.obj
d:\github-repository\gdal\buildvs\ogr\ogrsf_frmts\cad\libopencad\libopencad.dir\debug\r2000.obj
d:\github-repository\gdal\buildvs\ogr\ogrsf_frmts\cad\libopencad\libopencad.dir\debug\io.obj
d:\github-repository\gdal\buildvs\ogr\ogrsf_frmts\cad\libopencad\cmakefiles\generate.stamp
d:\github-repository\gdal\buildvs\ogr\ogrsf_frmts\cad\libopencad\libopencad.dir\debug\libopencad.lib
d:\github-repository\gdal\buildvs\ogr\ogrsf_frmts\cad\libopencad\libopencad.dir\debug\libopencad.tlog\cl.command.1.tlog
d:\github-repository\gdal\buildvs\ogr\ogrsf_frmts\cad\libopencad\libopencad.dir\debug\libopencad.tlog\cl.read.1.tlog
d:\github-repository\gdal\buildvs\ogr\ogrsf_frmts\cad\libopencad\libopencad.dir\debug\libopencad.tlog\cl.write.1.tlog
d:\github-repository\gdal\buildvs\ogr\ogrsf_frmts\cad\libopencad\libopencad.dir\debug\libopencad.tlog\custombuild.command.1.tlog
d:\github-repository\gdal\buildvs\ogr\ogrsf_frmts\cad\libopencad\libopencad.dir\debug\libopencad.tlog\custombuild.read.1.tlog
d:\github-repository\gdal\buildvs\ogr\ogrsf_frmts\cad\libopencad\libopencad.dir\debug\libopencad.tlog\custombuild.write.1.tlog
d:\github-repository\gdal\buildvs\ogr\ogrsf_frmts\cad\libopencad\libopencad.dir\debug\libopencad.tlog\lib-link.read.1.tlog
d:\github-repository\gdal\buildvs\ogr\ogrsf_frmts\cad\libopencad\libopencad.dir\debug\libopencad.tlog\lib-link.write.1.tlog
d:\github-repository\gdal\buildvs\ogr\ogrsf_frmts\cad\libopencad\libopencad.dir\debug\libopencad.tlog\lib.command.1.tlog
