d:\github-repository\gdal\buildvs\ogr\ogrsf_frmts\mitab\ogr_tab.dir\debug\ogr_tab.pdb
d:\github-repository\gdal\buildvs\ogr\ogrsf_frmts\mitab\ogr_tab.dir\debug\mitab_spatialref.obj
d:\github-repository\gdal\buildvs\ogr\ogrsf_frmts\mitab\ogr_tab.dir\debug\mitab_coordsys.obj
d:\github-repository\gdal\buildvs\ogr\ogrsf_frmts\mitab\ogr_tab.dir\debug\mitab_tooldef.obj
d:\github-repository\gdal\buildvs\ogr\ogrsf_frmts\mitab\ogr_tab.dir\debug\mitab_maptoolblock.obj
d:\github-repository\gdal\buildvs\ogr\ogrsf_frmts\mitab\ogr_tab.dir\debug\mitab_bounds.obj
d:\github-repository\gdal\buildvs\ogr\ogrsf_frmts\mitab\ogr_tab.dir\debug\mitab_middatafile.obj
d:\github-repository\gdal\buildvs\ogr\ogrsf_frmts\mitab\ogr_tab.dir\debug\mitab_imapinfofile.obj
d:\github-repository\gdal\buildvs\ogr\ogrsf_frmts\mitab\ogr_tab.dir\debug\mitab_utils.obj
d:\github-repository\gdal\buildvs\ogr\ogrsf_frmts\mitab\ogr_tab.dir\debug\mitab_miffile.obj
d:\github-repository\gdal\buildvs\ogr\ogrsf_frmts\mitab\ogr_tab.dir\debug\mitab_tabfile.obj
d:\github-repository\gdal\buildvs\ogr\ogrsf_frmts\mitab\ogr_tab.dir\debug\mitab_datfile.obj
d:\github-repository\gdal\buildvs\ogr\ogrsf_frmts\mitab\ogr_tab.dir\debug\mitab_idfile.obj
d:\github-repository\gdal\buildvs\ogr\ogrsf_frmts\mitab\ogr_tab.dir\debug\mitab_mapfile.obj
d:\github-repository\gdal\buildvs\ogr\ogrsf_frmts\mitab\ogr_tab.dir\debug\mitab_feature_mif.obj
d:\github-repository\gdal\buildvs\ogr\ogrsf_frmts\mitab\ogr_tab.dir\debug\mitab_feature.obj
d:\github-repository\gdal\buildvs\ogr\ogrsf_frmts\mitab\ogr_tab.dir\debug\mitab_mapcoordblock.obj
d:\github-repository\gdal\buildvs\ogr\ogrsf_frmts\mitab\ogr_tab.dir\debug\mitab_mapobjectblock.obj
d:\github-repository\gdal\buildvs\ogr\ogrsf_frmts\mitab\ogr_tab.dir\debug\mitab_mapindexblock.obj
d:\github-repository\gdal\buildvs\ogr\ogrsf_frmts\mitab\ogr_tab.dir\debug\mitab_mapheaderblock.obj
d:\github-repository\gdal\buildvs\ogr\ogrsf_frmts\mitab\ogr_tab.dir\debug\mitab_rawbinblock.obj
d:\github-repository\gdal\buildvs\ogr\ogrsf_frmts\mitab\ogr_tab.dir\debug\mitab_tabseamless.obj
d:\github-repository\gdal\buildvs\ogr\ogrsf_frmts\mitab\ogr_tab.dir\debug\mitab_geometry.obj
d:\github-repository\gdal\buildvs\ogr\ogrsf_frmts\mitab\ogr_tab.dir\debug\mitab_ogr_datasource.obj
d:\github-repository\gdal\buildvs\ogr\ogrsf_frmts\mitab\ogr_tab.dir\debug\mitab_tabview.obj
d:\github-repository\gdal\buildvs\ogr\ogrsf_frmts\mitab\ogr_tab.dir\debug\mitab_indfile.obj
d:\github-repository\gdal\buildvs\ogr\ogrsf_frmts\mitab\ogr_tab.dir\debug\mitab_ogr_driver.obj
d:\github-repository\gdal\buildvs\ogr\ogrsf_frmts\mitab\cmakefiles\generate.stamp
d:\github-repository\gdal\buildvs\ogr\ogrsf_frmts\mitab\ogr_tab.dir\debug\ogr_tab.lib
d:\github-repository\gdal\buildvs\ogr\ogrsf_frmts\mitab\ogr_tab.dir\debug\ogr_tab.tlog\cl.command.1.tlog
d:\github-repository\gdal\buildvs\ogr\ogrsf_frmts\mitab\ogr_tab.dir\debug\ogr_tab.tlog\cl.read.1.tlog
d:\github-repository\gdal\buildvs\ogr\ogrsf_frmts\mitab\ogr_tab.dir\debug\ogr_tab.tlog\cl.write.1.tlog
d:\github-repository\gdal\buildvs\ogr\ogrsf_frmts\mitab\ogr_tab.dir\debug\ogr_tab.tlog\custombuild.command.1.tlog
d:\github-repository\gdal\buildvs\ogr\ogrsf_frmts\mitab\ogr_tab.dir\debug\ogr_tab.tlog\custombuild.read.1.tlog
d:\github-repository\gdal\buildvs\ogr\ogrsf_frmts\mitab\ogr_tab.dir\debug\ogr_tab.tlog\custombuild.write.1.tlog
d:\github-repository\gdal\buildvs\ogr\ogrsf_frmts\mitab\ogr_tab.dir\debug\ogr_tab.tlog\lib-link.read.1.tlog
d:\github-repository\gdal\buildvs\ogr\ogrsf_frmts\mitab\ogr_tab.dir\debug\ogr_tab.tlog\lib-link.write.1.tlog
d:\github-repository\gdal\buildvs\ogr\ogrsf_frmts\mitab\ogr_tab.dir\debug\ogr_tab.tlog\lib.command.1.tlog
