d:\github-repository\gdal\buildvs\frmts\grib\gdal_grib.dir\debug\gdal_grib.pdb
d:\github-repository\gdal\buildvs\frmts\grib\gdal_grib.dir\debug\gribdrivercore.obj
d:\github-repository\gdal\buildvs\frmts\grib\gdal_grib.dir\debug\dec_jpeg2000.obj
d:\github-repository\gdal\buildvs\frmts\grib\gdal_grib.dir\debug\tendian.obj
d:\github-repository\gdal\buildvs\frmts\grib\gdal_grib.dir\debug\metaprint.obj
d:\github-repository\gdal\buildvs\frmts\grib\gdal_grib.dir\debug\metaparse.obj
d:\github-repository\gdal\buildvs\frmts\grib\gdal_grib.dir\debug\grib1tab.obj
d:\github-repository\gdal\buildvs\frmts\grib\gdal_grib.dir\debug\myerror.obj
d:\github-repository\gdal\buildvs\frmts\grib\gdal_grib.dir\debug\metaname.obj
d:\github-repository\gdal\buildvs\frmts\grib\gdal_grib.dir\debug\inventory.obj
d:\github-repository\gdal\buildvs\frmts\grib\gdal_grib.dir\debug\degrib2.obj
d:\github-repository\gdal\buildvs\frmts\grib\gdal_grib.dir\debug\degrib1.obj
d:\github-repository\gdal\buildvs\frmts\grib\gdal_grib.dir\debug\gribcreatecopy.obj
d:\github-repository\gdal\buildvs\frmts\grib\gdal_grib.dir\debug\gribdataset.obj
d:\github-repository\gdal\buildvs\frmts\grib\gdal_grib.dir\debug\g2_getfld.obj
d:\github-repository\gdal\buildvs\frmts\grib\gdal_grib.dir\debug\g2_info.obj
d:\github-repository\gdal\buildvs\frmts\grib\gdal_grib.dir\debug\g2_unpack7.obj
d:\github-repository\gdal\buildvs\frmts\grib\gdal_grib.dir\debug\g2_unpack6.obj
d:\github-repository\gdal\buildvs\frmts\grib\gdal_grib.dir\debug\g2_unpack5.obj
d:\github-repository\gdal\buildvs\frmts\grib\gdal_grib.dir\debug\g2_unpack4.obj
d:\github-repository\gdal\buildvs\frmts\grib\gdal_grib.dir\debug\g2_unpack3.obj
d:\github-repository\gdal\buildvs\frmts\grib\gdal_grib.dir\debug\g2_unpack2.obj
d:\github-repository\gdal\buildvs\frmts\grib\gdal_grib.dir\debug\g2_unpack1.obj
d:\github-repository\gdal\buildvs\frmts\grib\gdal_grib.dir\debug\g2_free.obj
d:\github-repository\gdal\buildvs\frmts\grib\gdal_grib.dir\debug\gbits.obj
d:\github-repository\gdal\buildvs\frmts\grib\gdal_grib.dir\debug\pdstemplates.obj
d:\github-repository\gdal\buildvs\frmts\grib\gdal_grib.dir\debug\drstemplates.obj
d:\github-repository\gdal\buildvs\frmts\grib\gdal_grib.dir\debug\gridtemplates.obj
d:\github-repository\gdal\buildvs\frmts\grib\gdal_grib.dir\debug\scan.obj
d:\github-repository\gdal\buildvs\frmts\grib\gdal_grib.dir\debug\myassert.obj
d:\github-repository\gdal\buildvs\frmts\grib\gdal_grib.dir\debug\grib2api.obj
d:\github-repository\gdal\buildvs\frmts\grib\gdal_grib.dir\debug\weather.obj
d:\github-repository\gdal\buildvs\frmts\grib\gdal_grib.dir\debug\myutil.obj
d:\github-repository\gdal\buildvs\frmts\grib\gdal_grib.dir\debug\clock.obj
d:\github-repository\gdal\buildvs\frmts\grib\gdal_grib.dir\debug\dec_png.obj
d:\github-repository\gdal\buildvs\frmts\grib\gdal_grib.dir\debug\pngunpack.obj
d:\github-repository\gdal\buildvs\frmts\grib\gdal_grib.dir\debug\hazard.obj
d:\github-repository\gdal\buildvs\frmts\grib\gdal_grib.dir\debug\jpcunpack.obj
d:\github-repository\gdal\buildvs\frmts\grib\gdal_grib.dir\debug\misspack.obj
d:\github-repository\gdal\buildvs\frmts\grib\gdal_grib.dir\debug\cmplxpack.obj
d:\github-repository\gdal\buildvs\frmts\grib\gdal_grib.dir\debug\compack.obj
d:\github-repository\gdal\buildvs\frmts\grib\gdal_grib.dir\debug\simpack.obj
d:\github-repository\gdal\buildvs\frmts\grib\gdal_grib.dir\debug\int_power.obj
d:\github-repository\gdal\buildvs\frmts\grib\gdal_grib.dir\debug\mkieee.obj
d:\github-repository\gdal\buildvs\frmts\grib\gdal_grib.dir\debug\rdieee.obj
d:\github-repository\gdal\buildvs\frmts\grib\gdal_grib.dir\debug\specunpack.obj
d:\github-repository\gdal\buildvs\frmts\grib\gdal_grib.dir\debug\reduce.obj
d:\github-repository\gdal\buildvs\frmts\grib\gdal_grib.dir\debug\pack_gp.obj
d:\github-repository\gdal\buildvs\frmts\grib\gdal_grib.dir\debug\comunpack.obj
d:\github-repository\gdal\buildvs\frmts\grib\gdal_grib.dir\debug\simunpack.obj
d:\github-repository\gdal\buildvs\frmts\grib\cmakefiles\generate.stamp
d:\github-repository\gdal\buildvs\frmts\grib\gdal_grib.dir\debug\gdal_grib.lib
d:\github-repository\gdal\buildvs\frmts\grib\gdal_grib.dir\debug\gdal_grib.tlog\cl.command.1.tlog
d:\github-repository\gdal\buildvs\frmts\grib\gdal_grib.dir\debug\gdal_grib.tlog\cl.read.1.tlog
d:\github-repository\gdal\buildvs\frmts\grib\gdal_grib.dir\debug\gdal_grib.tlog\cl.write.1.tlog
d:\github-repository\gdal\buildvs\frmts\grib\gdal_grib.dir\debug\gdal_grib.tlog\custombuild.command.1.tlog
d:\github-repository\gdal\buildvs\frmts\grib\gdal_grib.dir\debug\gdal_grib.tlog\custombuild.read.1.tlog
d:\github-repository\gdal\buildvs\frmts\grib\gdal_grib.dir\debug\gdal_grib.tlog\custombuild.write.1.tlog
d:\github-repository\gdal\buildvs\frmts\grib\gdal_grib.dir\debug\gdal_grib.tlog\lib-link.read.1.tlog
d:\github-repository\gdal\buildvs\frmts\grib\gdal_grib.dir\debug\gdal_grib.tlog\lib-link.write.1.tlog
d:\github-repository\gdal\buildvs\frmts\grib\gdal_grib.dir\debug\gdal_grib.tlog\lib.command.1.tlog
