d:\github-repository\gdal\buildvs\frmts\raw\gdal_raw.dir\debug\gdal_raw.pdb
d:\github-repository\gdal\buildvs\frmts\raw\gdal_raw.dir\debug\lcpdataset.obj
d:\github-repository\gdal\buildvs\frmts\raw\gdal_raw.dir\debug\landataset.obj
d:\github-repository\gdal\buildvs\frmts\raw\gdal_raw.dir\debug\iscedataset.obj
d:\github-repository\gdal\buildvs\frmts\raw\gdal_raw.dir\debug\krodataset.obj
d:\github-repository\gdal\buildvs\frmts\raw\gdal_raw.dir\debug\hkvdataset.obj
d:\github-repository\gdal\buildvs\frmts\raw\gdal_raw.dir\debug\gtxdataset.obj
d:\github-repository\gdal\buildvs\frmts\raw\gdal_raw.dir\debug\gscdataset.obj
d:\github-repository\gdal\buildvs\frmts\raw\gdal_raw.dir\debug\genbindataset.obj
d:\github-repository\gdal\buildvs\frmts\raw\gdal_raw.dir\debug\fastdataset.obj
d:\github-repository\gdal\buildvs\frmts\raw\gdal_raw.dir\debug\envidataset.obj
d:\github-repository\gdal\buildvs\frmts\raw\gdal_raw.dir\debug\eirdataset.obj
d:\github-repository\gdal\buildvs\frmts\raw\gdal_raw.dir\debug\ehdrdataset.obj
d:\github-repository\gdal\buildvs\frmts\raw\gdal_raw.dir\debug\doq2dataset.obj
d:\github-repository\gdal\buildvs\frmts\raw\gdal_raw.dir\debug\doq1dataset.obj
d:\github-repository\gdal\buildvs\frmts\raw\gdal_raw.dir\debug\dipxdataset.obj
d:\github-repository\gdal\buildvs\frmts\raw\gdal_raw.dir\debug\ctable2dataset.obj
d:\github-repository\gdal\buildvs\frmts\raw\gdal_raw.dir\debug\cpgdataset.obj
d:\github-repository\gdal\buildvs\frmts\raw\gdal_raw.dir\debug\btdataset.obj
d:\github-repository\gdal\buildvs\frmts\raw\gdal_raw.dir\debug\atlsci_spheroid.obj
d:\github-repository\gdal\buildvs\frmts\raw\gdal_raw.dir\debug\ace2dataset.obj
d:\github-repository\gdal\buildvs\frmts\raw\gdal_raw.dir\debug\rawdrivers.obj
d:\github-repository\gdal\buildvs\frmts\raw\gdal_raw.dir\debug\nsidcbindataset.obj
d:\github-repository\gdal\buildvs\frmts\raw\gdal_raw.dir\debug\byndataset.obj
d:\github-repository\gdal\buildvs\frmts\raw\gdal_raw.dir\debug\snodasdataset.obj
d:\github-repository\gdal\buildvs\frmts\raw\gdal_raw.dir\debug\rrasterdataset.obj
d:\github-repository\gdal\buildvs\frmts\raw\gdal_raw.dir\debug\roipacdataset.obj
d:\github-repository\gdal\buildvs\frmts\raw\gdal_raw.dir\debug\pnmdataset.obj
d:\github-repository\gdal\buildvs\frmts\raw\gdal_raw.dir\debug\pauxdataset.obj
d:\github-repository\gdal\buildvs\frmts\raw\gdal_raw.dir\debug\ntv2dataset.obj
d:\github-repository\gdal\buildvs\frmts\raw\gdal_raw.dir\debug\noaabdataset.obj
d:\github-repository\gdal\buildvs\frmts\raw\gdal_raw.dir\debug\ndfdataset.obj
d:\github-repository\gdal\buildvs\frmts\raw\gdal_raw.dir\debug\mffdataset.obj
d:\github-repository\gdal\buildvs\frmts\raw\gdal_raw.dir\debug\loslasdataset.obj
d:\github-repository\gdal\buildvs\frmts\raw\cmakefiles\generate.stamp
d:\github-repository\gdal\buildvs\frmts\raw\gdal_raw.dir\debug\gdal_raw.lib
d:\github-repository\gdal\buildvs\frmts\raw\gdal_raw.dir\debug\gdal_raw.tlog\cl.command.1.tlog
d:\github-repository\gdal\buildvs\frmts\raw\gdal_raw.dir\debug\gdal_raw.tlog\cl.read.1.tlog
d:\github-repository\gdal\buildvs\frmts\raw\gdal_raw.dir\debug\gdal_raw.tlog\cl.write.1.tlog
d:\github-repository\gdal\buildvs\frmts\raw\gdal_raw.dir\debug\gdal_raw.tlog\custombuild.command.1.tlog
d:\github-repository\gdal\buildvs\frmts\raw\gdal_raw.dir\debug\gdal_raw.tlog\custombuild.read.1.tlog
d:\github-repository\gdal\buildvs\frmts\raw\gdal_raw.dir\debug\gdal_raw.tlog\custombuild.write.1.tlog
d:\github-repository\gdal\buildvs\frmts\raw\gdal_raw.dir\debug\gdal_raw.tlog\lib-link.read.1.tlog
d:\github-repository\gdal\buildvs\frmts\raw\gdal_raw.dir\debug\gdal_raw.tlog\lib-link.write.1.tlog
d:\github-repository\gdal\buildvs\frmts\raw\gdal_raw.dir\debug\gdal_raw.tlog\lib.command.1.tlog
