d:\github-repository\gdal\buildvs\frmts\hfa\gdal_hfa.dir\debug\gdal_hfa.pdb
d:\github-repository\gdal\buildvs\frmts\hfa\gdal_hfa.dir\debug\hfa_overviews.obj
d:\github-repository\gdal\buildvs\frmts\hfa\gdal_hfa.dir\debug\hfatype.obj
d:\github-repository\gdal\buildvs\frmts\hfa\gdal_hfa.dir\debug\hfaopen.obj
d:\github-repository\gdal\buildvs\frmts\hfa\gdal_hfa.dir\debug\hfafield.obj
d:\github-repository\gdal\buildvs\frmts\hfa\gdal_hfa.dir\debug\hfaentry.obj
d:\github-repository\gdal\buildvs\frmts\hfa\gdal_hfa.dir\debug\hfadictionary.obj
d:\github-repository\gdal\buildvs\frmts\hfa\gdal_hfa.dir\debug\hfadataset.obj
d:\github-repository\gdal\buildvs\frmts\hfa\gdal_hfa.dir\debug\hfacompress.obj
d:\github-repository\gdal\buildvs\frmts\hfa\gdal_hfa.dir\debug\hfaband.obj
d:\github-repository\gdal\buildvs\frmts\hfa\cmakefiles\generate.stamp
d:\github-repository\gdal\buildvs\frmts\hfa\gdal_hfa.dir\debug\gdal_hfa.lib
d:\github-repository\gdal\buildvs\frmts\hfa\gdal_hfa.dir\debug\gdal_hfa.tlog\cl.command.1.tlog
d:\github-repository\gdal\buildvs\frmts\hfa\gdal_hfa.dir\debug\gdal_hfa.tlog\cl.read.1.tlog
d:\github-repository\gdal\buildvs\frmts\hfa\gdal_hfa.dir\debug\gdal_hfa.tlog\cl.write.1.tlog
d:\github-repository\gdal\buildvs\frmts\hfa\gdal_hfa.dir\debug\gdal_hfa.tlog\custombuild.command.1.tlog
d:\github-repository\gdal\buildvs\frmts\hfa\gdal_hfa.dir\debug\gdal_hfa.tlog\custombuild.read.1.tlog
d:\github-repository\gdal\buildvs\frmts\hfa\gdal_hfa.dir\debug\gdal_hfa.tlog\custombuild.write.1.tlog
d:\github-repository\gdal\buildvs\frmts\hfa\gdal_hfa.dir\debug\gdal_hfa.tlog\lib-link.read.1.tlog
d:\github-repository\gdal\buildvs\frmts\hfa\gdal_hfa.dir\debug\gdal_hfa.tlog\lib-link.write.1.tlog
d:\github-repository\gdal\buildvs\frmts\hfa\gdal_hfa.dir\debug\gdal_hfa.tlog\lib.command.1.tlog
