d:\github-repository\gdal\buildvs\ogr\ogrsf_frmts\dxf\ogr_dxf.dir\debug\ogr_dxf.pdb
d:\github-repository\gdal\buildvs\ogr\ogrsf_frmts\dxf\ogr_dxf.dir\debug\ogrdxf_ocstransformer.obj
d:\github-repository\gdal\buildvs\ogr\ogrsf_frmts\dxf\ogr_dxf.dir\debug\ogrdxfwriterlayer.obj
d:\github-repository\gdal\buildvs\ogr\ogrsf_frmts\dxf\ogr_dxf.dir\debug\ogrdxf_leader.obj
d:\github-repository\gdal\buildvs\ogr\ogrsf_frmts\dxf\ogr_dxf.dir\debug\ogrdxfdriver.obj
d:\github-repository\gdal\buildvs\ogr\ogrsf_frmts\dxf\ogr_dxf.dir\debug\ogrdxfblockslayer.obj
d:\github-repository\gdal\buildvs\ogr\ogrsf_frmts\dxf\ogr_dxf.dir\debug\ogrdxfwriterds.obj
d:\github-repository\gdal\buildvs\ogr\ogrsf_frmts\dxf\ogr_dxf.dir\debug\ogrdxflayer.obj
d:\github-repository\gdal\buildvs\ogr\ogrsf_frmts\dxf\ogr_dxf.dir\debug\ogrdxf_dimension.obj
d:\github-repository\gdal\buildvs\ogr\ogrsf_frmts\dxf\ogr_dxf.dir\debug\ogrdxf_blockmap.obj
d:\github-repository\gdal\buildvs\ogr\ogrsf_frmts\dxf\ogr_dxf.dir\debug\ogrdxfreader.obj
d:\github-repository\gdal\buildvs\ogr\ogrsf_frmts\dxf\ogr_dxf.dir\debug\ogrdxf_hatch.obj
d:\github-repository\gdal\buildvs\ogr\ogrsf_frmts\dxf\ogr_dxf.dir\debug\ogrdxfdatasource.obj
d:\github-repository\gdal\buildvs\ogr\ogrsf_frmts\dxf\ogr_dxf.dir\debug\ogr_autocad_services.obj
d:\github-repository\gdal\buildvs\ogr\ogrsf_frmts\dxf\ogr_dxf.dir\debug\ogrdxf_polyline_smooth.obj
d:\github-repository\gdal\buildvs\ogr\ogrsf_frmts\dxf\ogr_dxf.dir\debug\ogrdxf_feature.obj
d:\github-repository\gdal\buildvs\ogr\ogrsf_frmts\dxf\ogr_dxf.dir\debug\ogrdxfblockswriterlayer.obj
d:\github-repository\gdal\buildvs\ogr\ogrsf_frmts\dxf\ogr_dxf.dir\debug\intronurbs.obj
d:\github-repository\gdal\buildvs\ogr\ogrsf_frmts\dxf\cmakefiles\generate.stamp
d:\github-repository\gdal\buildvs\ogr\ogrsf_frmts\dxf\ogr_dxf.dir\debug\ogr_dxf.lib
d:\github-repository\gdal\buildvs\ogr\ogrsf_frmts\dxf\ogr_dxf.dir\debug\ogr_dxf.tlog\cl.command.1.tlog
d:\github-repository\gdal\buildvs\ogr\ogrsf_frmts\dxf\ogr_dxf.dir\debug\ogr_dxf.tlog\cl.read.1.tlog
d:\github-repository\gdal\buildvs\ogr\ogrsf_frmts\dxf\ogr_dxf.dir\debug\ogr_dxf.tlog\cl.write.1.tlog
d:\github-repository\gdal\buildvs\ogr\ogrsf_frmts\dxf\ogr_dxf.dir\debug\ogr_dxf.tlog\custombuild.command.1.tlog
d:\github-repository\gdal\buildvs\ogr\ogrsf_frmts\dxf\ogr_dxf.dir\debug\ogr_dxf.tlog\custombuild.read.1.tlog
d:\github-repository\gdal\buildvs\ogr\ogrsf_frmts\dxf\ogr_dxf.dir\debug\ogr_dxf.tlog\custombuild.write.1.tlog
d:\github-repository\gdal\buildvs\ogr\ogrsf_frmts\dxf\ogr_dxf.dir\debug\ogr_dxf.tlog\lib-link.read.1.tlog
d:\github-repository\gdal\buildvs\ogr\ogrsf_frmts\dxf\ogr_dxf.dir\debug\ogr_dxf.tlog\lib-link.write.1.tlog
d:\github-repository\gdal\buildvs\ogr\ogrsf_frmts\dxf\ogr_dxf.dir\debug\ogr_dxf.tlog\lib.command.1.tlog
