d:\github-repository\gdal\buildvs\frmts\netcdf\gdal_netcdf.dir\debug\gdal_netcdf.pdb
d:\github-repository\gdal\buildvs\frmts\netcdf\gdal_netcdf.dir\debug\netcdfdrivercore.obj
d:\github-repository\gdal\buildvs\frmts\netcdf\gdal_netcdf.dir\debug\netcdf_sentinel3_sral_mwr.obj
d:\github-repository\gdal\buildvs\frmts\netcdf\gdal_netcdf.dir\debug\netcdfvirtual.obj
d:\github-repository\gdal\buildvs\frmts\netcdf\gdal_netcdf.dir\debug\netcdfmultidim.obj
d:\github-repository\gdal\buildvs\frmts\netcdf\gdal_netcdf.dir\debug\netcdfsgwriterutil.obj
d:\github-repository\gdal\buildvs\frmts\netcdf\gdal_netcdf.dir\debug\netcdflayersg.obj
d:\github-repository\gdal\buildvs\frmts\netcdf\gdal_netcdf.dir\debug\netcdfsg.obj
d:\github-repository\gdal\buildvs\frmts\netcdf\gdal_netcdf.dir\debug\netcdfwriterconfig.obj
d:\github-repository\gdal\buildvs\frmts\netcdf\gdal_netcdf.dir\debug\netcdflayer.obj
d:\github-repository\gdal\buildvs\frmts\netcdf\gdal_netcdf.dir\debug\netcdfdataset.obj
d:\github-repository\gdal\buildvs\frmts\netcdf\cmakefiles\generate.stamp
d:\github-repository\gdal\buildvs\frmts\netcdf\gdal_netcdf.dir\debug\gdal_netcdf.lib
d:\github-repository\gdal\buildvs\frmts\netcdf\gdal_netcdf.dir\debug\gdal_netcdf.tlog\cl.command.1.tlog
d:\github-repository\gdal\buildvs\frmts\netcdf\gdal_netcdf.dir\debug\gdal_netcdf.tlog\cl.read.1.tlog
d:\github-repository\gdal\buildvs\frmts\netcdf\gdal_netcdf.dir\debug\gdal_netcdf.tlog\cl.write.1.tlog
d:\github-repository\gdal\buildvs\frmts\netcdf\gdal_netcdf.dir\debug\gdal_netcdf.tlog\custombuild.command.1.tlog
d:\github-repository\gdal\buildvs\frmts\netcdf\gdal_netcdf.dir\debug\gdal_netcdf.tlog\custombuild.read.1.tlog
d:\github-repository\gdal\buildvs\frmts\netcdf\gdal_netcdf.dir\debug\gdal_netcdf.tlog\custombuild.write.1.tlog
d:\github-repository\gdal\buildvs\frmts\netcdf\gdal_netcdf.dir\debug\gdal_netcdf.tlog\lib-link.read.1.tlog
d:\github-repository\gdal\buildvs\frmts\netcdf\gdal_netcdf.dir\debug\gdal_netcdf.tlog\lib-link.write.1.tlog
d:\github-repository\gdal\buildvs\frmts\netcdf\gdal_netcdf.dir\debug\gdal_netcdf.tlog\lib.command.1.tlog
