d:\github-repository\gdal\buildvs\frmts\pds\gdal_pds.dir\debug\gdal_pds.pdb
d:\github-repository\gdal\buildvs\frmts\pds\gdal_pds.dir\debug\pdsdrivercore.obj
d:\github-repository\gdal\buildvs\frmts\pds\gdal_pds.dir\debug\vicarkeywordhandler.obj
d:\github-repository\gdal\buildvs\frmts\pds\gdal_pds.dir\debug\vicardataset.obj
d:\github-repository\gdal\buildvs\frmts\pds\gdal_pds.dir\debug\pds4vector.obj
d:\github-repository\gdal\buildvs\frmts\pds\gdal_pds.dir\debug\pds4dataset.obj
d:\github-repository\gdal\buildvs\frmts\pds\gdal_pds.dir\debug\pdsdataset.obj
d:\github-repository\gdal\buildvs\frmts\pds\gdal_pds.dir\debug\isis3dataset.obj
d:\github-repository\gdal\buildvs\frmts\pds\gdal_pds.dir\debug\isis2dataset.obj
d:\github-repository\gdal\buildvs\frmts\pds\cmakefiles\generate.stamp
d:\github-repository\gdal\buildvs\frmts\pds\gdal_pds.dir\debug\gdal_pds.lib
d:\github-repository\gdal\buildvs\frmts\pds\gdal_pds.dir\debug\gdal_pds.tlog\cl.command.1.tlog
d:\github-repository\gdal\buildvs\frmts\pds\gdal_pds.dir\debug\gdal_pds.tlog\cl.read.1.tlog
d:\github-repository\gdal\buildvs\frmts\pds\gdal_pds.dir\debug\gdal_pds.tlog\cl.write.1.tlog
d:\github-repository\gdal\buildvs\frmts\pds\gdal_pds.dir\debug\gdal_pds.tlog\custombuild.command.1.tlog
d:\github-repository\gdal\buildvs\frmts\pds\gdal_pds.dir\debug\gdal_pds.tlog\custombuild.read.1.tlog
d:\github-repository\gdal\buildvs\frmts\pds\gdal_pds.dir\debug\gdal_pds.tlog\custombuild.write.1.tlog
d:\github-repository\gdal\buildvs\frmts\pds\gdal_pds.dir\debug\gdal_pds.tlog\lib-link.read.1.tlog
d:\github-repository\gdal\buildvs\frmts\pds\gdal_pds.dir\debug\gdal_pds.tlog\lib-link.write.1.tlog
d:\github-repository\gdal\buildvs\frmts\pds\gdal_pds.dir\debug\gdal_pds.tlog\lib.command.1.tlog
