d:\github-repository\gdal\buildvs\frmts\pcidsk\sdk\pcidsk_sdk.dir\debug\pcidsk_sdk.pdb
d:\github-repository\gdal\buildvs\frmts\pcidsk\sdk\pcidsk_sdk.dir\debug\metadataset_p.obj
d:\github-repository\gdal\buildvs\frmts\pcidsk\sdk\pcidsk_sdk.dir\debug\libjpeg_io.obj
d:\github-repository\gdal\buildvs\frmts\pcidsk\sdk\pcidsk_sdk.dir\debug\edb_pcidsk.obj
d:\github-repository\gdal\buildvs\frmts\pcidsk\sdk\pcidsk_sdk.dir\debug\cpcidskfile.obj
d:\github-repository\gdal\buildvs\frmts\pcidsk\sdk\pcidsk_sdk.dir\debug\cpcidskblockfile.obj
d:\github-repository\gdal\buildvs\frmts\pcidsk\sdk\pcidsk_sdk.dir\debug\clinksegment.obj
d:\github-repository\gdal\buildvs\frmts\pcidsk\sdk\pcidsk_sdk.dir\debug\ctiledchannel.obj
d:\github-repository\gdal\buildvs\frmts\pcidsk\sdk\pcidsk_sdk.dir\debug\cpixelinterleavedchannel.obj
d:\github-repository\gdal\buildvs\frmts\pcidsk\sdk\pcidsk_sdk.dir\debug\cpcidskchannel.obj
d:\github-repository\gdal\buildvs\frmts\pcidsk\sdk\pcidsk_sdk.dir\debug\cexternalchannel.obj
d:\github-repository\gdal\buildvs\frmts\pcidsk\sdk\pcidsk_sdk.dir\debug\cbandinterleavedchannel.obj
d:\github-repository\gdal\buildvs\frmts\pcidsk\sdk\pcidsk_sdk.dir\debug\blocktilelayer.obj
d:\github-repository\gdal\buildvs\frmts\pcidsk\sdk\pcidsk_sdk.dir\debug\blocktiledir.obj
d:\github-repository\gdal\buildvs\frmts\pcidsk\sdk\pcidsk_sdk.dir\debug\blocklayer.obj
d:\github-repository\gdal\buildvs\frmts\pcidsk\sdk\pcidsk_sdk.dir\debug\blockfile.obj
d:\github-repository\gdal\buildvs\frmts\pcidsk\sdk\pcidsk_sdk.dir\debug\blockdir.obj
d:\github-repository\gdal\buildvs\frmts\pcidsk\sdk\pcidsk_sdk.dir\debug\binarytilelayer.obj
d:\github-repository\gdal\buildvs\frmts\pcidsk\sdk\pcidsk_sdk.dir\debug\binarytiledir.obj
d:\github-repository\gdal\buildvs\frmts\pcidsk\sdk\pcidsk_sdk.dir\debug\asciitilelayer.obj
d:\github-repository\gdal\buildvs\frmts\pcidsk\sdk\pcidsk_sdk.dir\debug\asciitiledir.obj
d:\github-repository\gdal\buildvs\frmts\pcidsk\sdk\pcidsk_sdk.dir\debug\cpcidskbpct.obj
d:\github-repository\gdal\buildvs\frmts\pcidsk\sdk\pcidsk_sdk.dir\debug\cpcidsklut.obj
d:\github-repository\gdal\buildvs\frmts\pcidsk\sdk\pcidsk_sdk.dir\debug\cpcidskgeoref.obj
d:\github-repository\gdal\buildvs\frmts\pcidsk\sdk\pcidsk_sdk.dir\debug\cpcidskgcp2segment.obj
d:\github-repository\gdal\buildvs\frmts\pcidsk\sdk\pcidsk_sdk.dir\debug\cpcidskephemerissegment.obj
d:\github-repository\gdal\buildvs\frmts\pcidsk\sdk\pcidsk_sdk.dir\debug\cpcidskpct.obj
d:\github-repository\gdal\buildvs\frmts\pcidsk\sdk\pcidsk_sdk.dir\debug\cpcidskblut.obj
d:\github-repository\gdal\buildvs\frmts\pcidsk\sdk\pcidsk_sdk.dir\debug\cpcidskbitmap.obj
d:\github-repository\gdal\buildvs\frmts\pcidsk\sdk\pcidsk_sdk.dir\debug\cpcidskbinarysegment.obj
d:\github-repository\gdal\buildvs\frmts\pcidsk\sdk\pcidsk_sdk.dir\debug\cpcidsk_tex.obj
d:\github-repository\gdal\buildvs\frmts\pcidsk\sdk\pcidsk_sdk.dir\debug\cpcidsk_array.obj
d:\github-repository\gdal\buildvs\frmts\pcidsk\sdk\pcidsk_sdk.dir\debug\pcidskopen.obj
d:\github-repository\gdal\buildvs\frmts\pcidsk\sdk\pcidsk_sdk.dir\debug\pcidskinterfaces.obj
d:\github-repository\gdal\buildvs\frmts\pcidsk\sdk\pcidsk_sdk.dir\debug\pcidskexception.obj
d:\github-repository\gdal\buildvs\frmts\pcidsk\sdk\pcidsk_sdk.dir\debug\pcidskcreate.obj
d:\github-repository\gdal\buildvs\frmts\pcidsk\sdk\pcidsk_sdk.dir\debug\pcidskbuffer.obj
d:\github-repository\gdal\buildvs\frmts\pcidsk\sdk\pcidsk_sdk.dir\debug\pcidsk_utils.obj
d:\github-repository\gdal\buildvs\frmts\pcidsk\sdk\pcidsk_sdk.dir\debug\pcidsk_scanint.obj
d:\github-repository\gdal\buildvs\frmts\pcidsk\sdk\pcidsk_sdk.dir\debug\pcidsk_raster.obj
d:\github-repository\gdal\buildvs\frmts\pcidsk\sdk\pcidsk_sdk.dir\debug\pcidsk_pubutils.obj
d:\github-repository\gdal\buildvs\frmts\pcidsk\sdk\pcidsk_sdk.dir\debug\vecsegheader.obj
d:\github-repository\gdal\buildvs\frmts\pcidsk\sdk\pcidsk_sdk.dir\debug\vecsegdataindex.obj
d:\github-repository\gdal\buildvs\frmts\pcidsk\sdk\pcidsk_sdk.dir\debug\systiledir.obj
d:\github-repository\gdal\buildvs\frmts\pcidsk\sdk\pcidsk_sdk.dir\debug\metadatasegment_p.obj
d:\github-repository\gdal\buildvs\frmts\pcidsk\sdk\pcidsk_sdk.dir\debug\cpcidskvectorsegment_consistencycheck.obj
d:\github-repository\gdal\buildvs\frmts\pcidsk\sdk\pcidsk_sdk.dir\debug\cpcidskvectorsegment.obj
d:\github-repository\gdal\buildvs\frmts\pcidsk\sdk\pcidsk_sdk.dir\debug\cpcidsktoutinmodel.obj
d:\github-repository\gdal\buildvs\frmts\pcidsk\sdk\pcidsk_sdk.dir\debug\cpcidsksegment.obj
d:\github-repository\gdal\buildvs\frmts\pcidsk\sdk\pcidsk_sdk.dir\debug\cpcidskrpcmodel.obj
d:\github-repository\gdal\buildvs\frmts\pcidsk\sdk\pcidsk_sdk.dir\debug\cpcidskpolymodel.obj
d:\github-repository\gdal\buildvs\frmts\pcidsk\sdk\cmakefiles\generate.stamp
d:\github-repository\gdal\buildvs\frmts\pcidsk\sdk\pcidsk_sdk.dir\debug\pcidsk_sdk.lib
d:\github-repository\gdal\buildvs\frmts\pcidsk\sdk\pcidsk_sdk.dir\debug\pcidsk_sdk.tlog\cl.command.1.tlog
d:\github-repository\gdal\buildvs\frmts\pcidsk\sdk\pcidsk_sdk.dir\debug\pcidsk_sdk.tlog\cl.read.1.tlog
d:\github-repository\gdal\buildvs\frmts\pcidsk\sdk\pcidsk_sdk.dir\debug\pcidsk_sdk.tlog\cl.write.1.tlog
d:\github-repository\gdal\buildvs\frmts\pcidsk\sdk\pcidsk_sdk.dir\debug\pcidsk_sdk.tlog\custombuild.command.1.tlog
d:\github-repository\gdal\buildvs\frmts\pcidsk\sdk\pcidsk_sdk.dir\debug\pcidsk_sdk.tlog\custombuild.read.1.tlog
d:\github-repository\gdal\buildvs\frmts\pcidsk\sdk\pcidsk_sdk.dir\debug\pcidsk_sdk.tlog\custombuild.write.1.tlog
d:\github-repository\gdal\buildvs\frmts\pcidsk\sdk\pcidsk_sdk.dir\debug\pcidsk_sdk.tlog\lib-link.read.1.tlog
d:\github-repository\gdal\buildvs\frmts\pcidsk\sdk\pcidsk_sdk.dir\debug\pcidsk_sdk.tlog\lib-link.write.1.tlog
d:\github-repository\gdal\buildvs\frmts\pcidsk\sdk\pcidsk_sdk.dir\debug\pcidsk_sdk.tlog\lib.command.1.tlog
