d:\github-repository\gdal\buildvs\ogr\ogrsf_frmts\avc\ogr_avc.dir\debug\ogr_avc.pdb
d:\github-repository\gdal\buildvs\ogr\ogrsf_frmts\avc\ogr_avc.dir\debug\ogravclayer.obj
d:\github-repository\gdal\buildvs\ogr\ogrsf_frmts\avc\ogr_avc.dir\debug\ogravce00layer.obj
d:\github-repository\gdal\buildvs\ogr\ogrsf_frmts\avc\ogr_avc.dir\debug\ogravce00driver.obj
d:\github-repository\gdal\buildvs\ogr\ogrsf_frmts\avc\ogr_avc.dir\debug\ogravcdatasource.obj
d:\github-repository\gdal\buildvs\ogr\ogrsf_frmts\avc\ogr_avc.dir\debug\ogravce00datasource.obj
d:\github-repository\gdal\buildvs\ogr\ogrsf_frmts\avc\ogr_avc.dir\debug\ogravcbinlayer.obj
d:\github-repository\gdal\buildvs\ogr\ogrsf_frmts\avc\ogr_avc.dir\debug\ogravcbindriver.obj
d:\github-repository\gdal\buildvs\ogr\ogrsf_frmts\avc\ogr_avc.dir\debug\ogravcbindatasource.obj
d:\github-repository\gdal\buildvs\ogr\ogrsf_frmts\avc\ogr_avc.dir\debug\avc_misc.obj
d:\github-repository\gdal\buildvs\ogr\ogrsf_frmts\avc\ogr_avc.dir\debug\avc_mbyte.obj
d:\github-repository\gdal\buildvs\ogr\ogrsf_frmts\avc\ogr_avc.dir\debug\avc_e00read.obj
d:\github-repository\gdal\buildvs\ogr\ogrsf_frmts\avc\ogr_avc.dir\debug\avc_e00parse.obj
d:\github-repository\gdal\buildvs\ogr\ogrsf_frmts\avc\ogr_avc.dir\debug\avc_e00gen.obj
d:\github-repository\gdal\buildvs\ogr\ogrsf_frmts\avc\ogr_avc.dir\debug\avc_rawbin.obj
d:\github-repository\gdal\buildvs\ogr\ogrsf_frmts\avc\ogr_avc.dir\debug\avc_bin.obj
d:\github-repository\gdal\buildvs\ogr\ogrsf_frmts\avc\cmakefiles\generate.stamp
d:\github-repository\gdal\buildvs\ogr\ogrsf_frmts\avc\ogr_avc.dir\debug\ogr_avc.lib
d:\github-repository\gdal\buildvs\ogr\ogrsf_frmts\avc\ogr_avc.dir\debug\ogr_avc.tlog\cl.command.1.tlog
d:\github-repository\gdal\buildvs\ogr\ogrsf_frmts\avc\ogr_avc.dir\debug\ogr_avc.tlog\cl.read.1.tlog
d:\github-repository\gdal\buildvs\ogr\ogrsf_frmts\avc\ogr_avc.dir\debug\ogr_avc.tlog\cl.write.1.tlog
d:\github-repository\gdal\buildvs\ogr\ogrsf_frmts\avc\ogr_avc.dir\debug\ogr_avc.tlog\custombuild.command.1.tlog
d:\github-repository\gdal\buildvs\ogr\ogrsf_frmts\avc\ogr_avc.dir\debug\ogr_avc.tlog\custombuild.read.1.tlog
d:\github-repository\gdal\buildvs\ogr\ogrsf_frmts\avc\ogr_avc.dir\debug\ogr_avc.tlog\custombuild.write.1.tlog
d:\github-repository\gdal\buildvs\ogr\ogrsf_frmts\avc\ogr_avc.dir\debug\ogr_avc.tlog\lib-link.read.1.tlog
d:\github-repository\gdal\buildvs\ogr\ogrsf_frmts\avc\ogr_avc.dir\debug\ogr_avc.tlog\lib-link.write.1.tlog
d:\github-repository\gdal\buildvs\ogr\ogrsf_frmts\avc\ogr_avc.dir\debug\ogr_avc.tlog\lib.command.1.tlog
