d:\github-repository\gdal\buildvs\ogr\ogrsf_frmts\openfilegdb\ogr_openfilegdb.dir\debug\ogr_openfilegdb.pdb
d:\github-repository\gdal\buildvs\ogr\ogrsf_frmts\openfilegdb\ogr_openfilegdb.dir\debug\ogropenfilegdbdrivercore.obj
d:\github-repository\gdal\buildvs\ogr\ogrsf_frmts\openfilegdb\ogr_openfilegdb.dir\debug\gdalopenfilegdbrasterband.obj
d:\github-repository\gdal\buildvs\ogr\ogrsf_frmts\openfilegdb\ogr_openfilegdb.dir\debug\ogropenfilegdblayer_write.obj
d:\github-repository\gdal\buildvs\ogr\ogrsf_frmts\openfilegdb\ogr_openfilegdb.dir\debug\ogropenfilegdblayer.obj
d:\github-repository\gdal\buildvs\ogr\ogrsf_frmts\openfilegdb\ogr_openfilegdb.dir\debug\ogropenfilegdbdriver.obj
d:\github-repository\gdal\buildvs\ogr\ogrsf_frmts\openfilegdb\ogr_openfilegdb.dir\debug\ogropenfilegdbdatasource_write.obj
d:\github-repository\gdal\buildvs\ogr\ogrsf_frmts\openfilegdb\ogr_openfilegdb.dir\debug\ogropenfilegdbdatasource.obj
d:\github-repository\gdal\buildvs\ogr\ogrsf_frmts\openfilegdb\ogr_openfilegdb.dir\debug\filegdbtable_freelist.obj
d:\github-repository\gdal\buildvs\ogr\ogrsf_frmts\openfilegdb\ogr_openfilegdb.dir\debug\filegdbtable_write_fields.obj
d:\github-repository\gdal\buildvs\ogr\ogrsf_frmts\openfilegdb\ogr_openfilegdb.dir\debug\filegdbtable_write.obj
d:\github-repository\gdal\buildvs\ogr\ogrsf_frmts\openfilegdb\ogr_openfilegdb.dir\debug\filegdbtable.obj
d:\github-repository\gdal\buildvs\ogr\ogrsf_frmts\openfilegdb\ogr_openfilegdb.dir\debug\filegdbindex_write.obj
d:\github-repository\gdal\buildvs\ogr\ogrsf_frmts\openfilegdb\ogr_openfilegdb.dir\debug\filegdbindex.obj
d:\github-repository\gdal\buildvs\ogr\ogrsf_frmts\openfilegdb\cmakefiles\generate.stamp
d:\github-repository\gdal\buildvs\ogr\ogrsf_frmts\openfilegdb\ogr_openfilegdb.dir\debug\ogr_openfilegdb.lib
d:\github-repository\gdal\buildvs\ogr\ogrsf_frmts\openfilegdb\ogr_openfilegdb.dir\debug\ogr_openfilegdb.tlog\cl.command.1.tlog
d:\github-repository\gdal\buildvs\ogr\ogrsf_frmts\openfilegdb\ogr_openfilegdb.dir\debug\ogr_openfilegdb.tlog\cl.read.1.tlog
d:\github-repository\gdal\buildvs\ogr\ogrsf_frmts\openfilegdb\ogr_openfilegdb.dir\debug\ogr_openfilegdb.tlog\cl.write.1.tlog
d:\github-repository\gdal\buildvs\ogr\ogrsf_frmts\openfilegdb\ogr_openfilegdb.dir\debug\ogr_openfilegdb.tlog\custombuild.command.1.tlog
d:\github-repository\gdal\buildvs\ogr\ogrsf_frmts\openfilegdb\ogr_openfilegdb.dir\debug\ogr_openfilegdb.tlog\custombuild.read.1.tlog
d:\github-repository\gdal\buildvs\ogr\ogrsf_frmts\openfilegdb\ogr_openfilegdb.dir\debug\ogr_openfilegdb.tlog\custombuild.write.1.tlog
d:\github-repository\gdal\buildvs\ogr\ogrsf_frmts\openfilegdb\ogr_openfilegdb.dir\debug\ogr_openfilegdb.tlog\lib-link.read.1.tlog
d:\github-repository\gdal\buildvs\ogr\ogrsf_frmts\openfilegdb\ogr_openfilegdb.dir\debug\ogr_openfilegdb.tlog\lib-link.write.1.tlog
d:\github-repository\gdal\buildvs\ogr\ogrsf_frmts\openfilegdb\ogr_openfilegdb.dir\debug\ogr_openfilegdb.tlog\lib.command.1.tlog
