d:\github-repository\gdal\buildvs\frmts\zarr\gdal_zarr.dir\debug\gdal_zarr.pdb
d:\github-repository\gdal\buildvs\frmts\zarr\gdal_zarr.dir\debug\zarrdrivercore.obj
d:\github-repository\gdal\buildvs\frmts\zarr\gdal_zarr.dir\debug\zarrdriver.obj
d:\github-repository\gdal\buildvs\frmts\zarr\gdal_zarr.dir\debug\zarr_sharedresource.obj
d:\github-repository\gdal\buildvs\frmts\zarr\gdal_zarr.dir\debug\zarr_v3_group.obj
d:\github-repository\gdal\buildvs\frmts\zarr\gdal_zarr.dir\debug\zarr_v2_group.obj
d:\github-repository\gdal\buildvs\frmts\zarr\gdal_zarr.dir\debug\zarr_group.obj
d:\github-repository\gdal\buildvs\frmts\zarr\gdal_zarr.dir\debug\zarr_dimension.obj
d:\github-repository\gdal\buildvs\frmts\zarr\gdal_zarr.dir\debug\zarr_v3_codec.obj
d:\github-repository\gdal\buildvs\frmts\zarr\gdal_zarr.dir\debug\zarr_attribute.obj
d:\github-repository\gdal\buildvs\frmts\zarr\gdal_zarr.dir\debug\zarr_v3_array.obj
d:\github-repository\gdal\buildvs\frmts\zarr\gdal_zarr.dir\debug\zarr_v2_array.obj
d:\github-repository\gdal\buildvs\frmts\zarr\gdal_zarr.dir\debug\zarr_array.obj
d:\github-repository\gdal\buildvs\frmts\zarr\cmakefiles\generate.stamp
d:\github-repository\gdal\buildvs\frmts\zarr\gdal_zarr.dir\debug\gdal_zarr.lib
d:\github-repository\gdal\buildvs\frmts\zarr\gdal_zarr.dir\debug\gdal_zarr.tlog\cl.command.1.tlog
d:\github-repository\gdal\buildvs\frmts\zarr\gdal_zarr.dir\debug\gdal_zarr.tlog\cl.read.1.tlog
d:\github-repository\gdal\buildvs\frmts\zarr\gdal_zarr.dir\debug\gdal_zarr.tlog\cl.write.1.tlog
d:\github-repository\gdal\buildvs\frmts\zarr\gdal_zarr.dir\debug\gdal_zarr.tlog\custombuild.command.1.tlog
d:\github-repository\gdal\buildvs\frmts\zarr\gdal_zarr.dir\debug\gdal_zarr.tlog\custombuild.read.1.tlog
d:\github-repository\gdal\buildvs\frmts\zarr\gdal_zarr.dir\debug\gdal_zarr.tlog\custombuild.write.1.tlog
d:\github-repository\gdal\buildvs\frmts\zarr\gdal_zarr.dir\debug\gdal_zarr.tlog\lib-link.read.1.tlog
d:\github-repository\gdal\buildvs\frmts\zarr\gdal_zarr.dir\debug\gdal_zarr.tlog\lib-link.write.1.tlog
d:\github-repository\gdal\buildvs\frmts\zarr\gdal_zarr.dir\debug\gdal_zarr.tlog\lib.command.1.tlog
