d:\github-repository\gdal\buildvs\frmts\nitf\gdal_nitf.dir\debug\gdal_nitf.pdb
d:\github-repository\gdal\buildvs\frmts\nitf\gdal_nitf.dir\debug\nitfdes.obj
d:\github-repository\gdal\buildvs\frmts\nitf\gdal_nitf.dir\debug\nitfimage.obj
d:\github-repository\gdal\buildvs\frmts\nitf\gdal_nitf.dir\debug\nitffile.obj
d:\github-repository\gdal\buildvs\frmts\nitf\gdal_nitf.dir\debug\mgrs.obj
d:\github-repository\gdal\buildvs\frmts\nitf\gdal_nitf.dir\debug\nitfdrivercore.obj
d:\github-repository\gdal\buildvs\frmts\nitf\gdal_nitf.dir\debug\nitfwritejpeg_12.obj
d:\github-repository\gdal\buildvs\frmts\nitf\gdal_nitf.dir\debug\nitfwritejpeg.obj
d:\github-repository\gdal\buildvs\frmts\nitf\gdal_nitf.dir\debug\nitf_gcprpc.obj
d:\github-repository\gdal\buildvs\frmts\nitf\gdal_nitf.dir\debug\rpftocfile.obj
d:\github-repository\gdal\buildvs\frmts\nitf\gdal_nitf.dir\debug\nitfbilevel.obj
d:\github-repository\gdal\buildvs\frmts\nitf\gdal_nitf.dir\debug\nitfaridpcm.obj
d:\github-repository\gdal\buildvs\frmts\nitf\gdal_nitf.dir\debug\ecrgtocdataset.obj
d:\github-repository\gdal\buildvs\frmts\nitf\gdal_nitf.dir\debug\nitfrasterband.obj
d:\github-repository\gdal\buildvs\frmts\nitf\gdal_nitf.dir\debug\rpftocdataset.obj
d:\github-repository\gdal\buildvs\frmts\nitf\gdal_nitf.dir\debug\nitfdataset.obj
d:\github-repository\gdal\buildvs\frmts\nitf\cmakefiles\generate.stamp
d:\github-repository\gdal\buildvs\frmts\nitf\gdal_nitf.dir\debug\gdal_nitf.lib
d:\github-repository\gdal\buildvs\frmts\nitf\gdal_nitf.dir\debug\gdal_nitf.tlog\cl.command.1.tlog
d:\github-repository\gdal\buildvs\frmts\nitf\gdal_nitf.dir\debug\gdal_nitf.tlog\cl.read.1.tlog
d:\github-repository\gdal\buildvs\frmts\nitf\gdal_nitf.dir\debug\gdal_nitf.tlog\cl.write.1.tlog
d:\github-repository\gdal\buildvs\frmts\nitf\gdal_nitf.dir\debug\gdal_nitf.tlog\custombuild.command.1.tlog
d:\github-repository\gdal\buildvs\frmts\nitf\gdal_nitf.dir\debug\gdal_nitf.tlog\custombuild.read.1.tlog
d:\github-repository\gdal\buildvs\frmts\nitf\gdal_nitf.dir\debug\gdal_nitf.tlog\custombuild.write.1.tlog
d:\github-repository\gdal\buildvs\frmts\nitf\gdal_nitf.dir\debug\gdal_nitf.tlog\lib-link.read.1.tlog
d:\github-repository\gdal\buildvs\frmts\nitf\gdal_nitf.dir\debug\gdal_nitf.tlog\lib-link.write.1.tlog
d:\github-repository\gdal\buildvs\frmts\nitf\gdal_nitf.dir\debug\gdal_nitf.tlog\lib.command.1.tlog
