d:\github-repository\gdal\buildvs\frmts\pcraster\libcsf\csf.dir\debug\csf.pdb
d:\github-repository\gdal\buildvs\frmts\pcraster\libcsf\csf.dir\debug\vsis.obj
d:\github-repository\gdal\buildvs\frmts\pcraster\libcsf\csf.dir\debug\setmv.obj
d:\github-repository\gdal\buildvs\frmts\pcraster\libcsf\csf.dir\debug\rcoords.obj
d:\github-repository\gdal\buildvs\frmts\pcraster\libcsf\csf.dir\debug\putallmv.obj
d:\github-repository\gdal\buildvs\frmts\pcraster\libcsf\csf.dir\debug\mclose.obj
d:\github-repository\gdal\buildvs\frmts\pcraster\libcsf\csf.dir\debug\gproj.obj
d:\github-repository\gdal\buildvs\frmts\pcraster\libcsf\csf.dir\debug\getattr.obj
d:\github-repository\gdal\buildvs\frmts\pcraster\libcsf\csf.dir\debug\dumconv.obj
d:\github-repository\gdal\buildvs\frmts\pcraster\libcsf\csf.dir\debug\create2.obj
d:\github-repository\gdal\buildvs\frmts\pcraster\libcsf\csf.dir\debug\_getrow.obj
d:\github-repository\gdal\buildvs\frmts\pcraster\libcsf\csf.dir\debug\vsdef.obj
d:\github-repository\gdal\buildvs\frmts\pcraster\libcsf\csf.dir\debug\setangle.obj
d:\github-repository\gdal\buildvs\frmts\pcraster\libcsf\csf.dir\debug\rcomp.obj
d:\github-repository\gdal\buildvs\frmts\pcraster\libcsf\csf.dir\debug\pminval.obj
d:\github-repository\gdal\buildvs\frmts\pcraster\libcsf\csf.dir\debug\legend.obj
d:\github-repository\gdal\buildvs\frmts\pcraster\libcsf\csf.dir\debug\gnrrows.obj
d:\github-repository\gdal\buildvs\frmts\pcraster\libcsf\csf.dir\debug\gdattype.obj
d:\github-repository\gdal\buildvs\frmts\pcraster\libcsf\csf.dir\debug\delattr.obj
d:\github-repository\gdal\buildvs\frmts\pcraster\libcsf\csf.dir\debug\cellsize.obj
d:\github-repository\gdal\buildvs\frmts\pcraster\libcsf\csf.dir\debug\_getcell.obj
d:\github-repository\gdal\buildvs\frmts\pcraster\libcsf\csf.dir\debug\csfglob.obj
d:\github-repository\gdal\buildvs\frmts\pcraster\libcsf\csf.dir\debug\_rputrow.obj
d:\github-repository\gdal\buildvs\frmts\pcraster\libcsf\csf.dir\debug\wattrblk.obj
d:\github-repository\gdal\buildvs\frmts\pcraster\libcsf\csf.dir\debug\strconst.obj
d:\github-repository\gdal\buildvs\frmts\pcraster\libcsf\csf.dir\debug\reseterr.obj
d:\github-repository\gdal\buildvs\frmts\pcraster\libcsf\csf.dir\debug\putsomec.obj
d:\github-repository\gdal\buildvs\frmts\pcraster\libcsf\csf.dir\debug\moreattr.obj
d:\github-repository\gdal\buildvs\frmts\pcraster\libcsf\csf.dir\debug\gvalscal.obj
d:\github-repository\gdal\buildvs\frmts\pcraster\libcsf\csf.dir\debug\gety0.obj
d:\github-repository\gdal\buildvs\frmts\pcraster\libcsf\csf.dir\debug\file.obj
d:\github-repository\gdal\buildvs\frmts\pcraster\libcsf\csf.dir\debug\_putcell.obj
d:\github-repository\gdal\buildvs\frmts\pcraster\libcsf\csf.dir\debug\vsvers.obj
d:\github-repository\gdal\buildvs\frmts\pcraster\libcsf\csf.dir\debug\setvtmv.obj
d:\github-repository\gdal\buildvs\frmts\pcraster\libcsf\csf.dir\debug\rdup2.obj
d:\github-repository\gdal\buildvs\frmts\pcraster\libcsf\csf.dir\debug\putattr.obj
d:\github-repository\gdal\buildvs\frmts\pcraster\libcsf\csf.dir\debug\mopen.obj
d:\github-repository\gdal\buildvs\frmts\pcraster\libcsf\csf.dir\debug\gputproj.obj
d:\github-repository\gdal\buildvs\frmts\pcraster\libcsf\csf.dir\debug\getx0.obj
d:\github-repository\gdal\buildvs\frmts\pcraster\libcsf\csf.dir\debug\endian.obj
d:\github-repository\gdal\buildvs\frmts\pcraster\libcsf\csf.dir\debug\_gsomece.obj
d:\github-repository\gdal\buildvs\frmts\pcraster\libcsf\csf.dir\debug\pgisfid.obj
d:\github-repository\gdal\buildvs\frmts\pcraster\libcsf\csf.dir\debug\ismv.obj
d:\github-repository\gdal\buildvs\frmts\pcraster\libcsf\csf.dir\debug\gminval.obj
d:\github-repository\gdal\buildvs\frmts\pcraster\libcsf\csf.dir\debug\gattridx.obj
d:\github-repository\gdal\buildvs\frmts\pcraster\libcsf\csf.dir\debug\csfsup.obj
d:\github-repository\gdal\buildvs\frmts\pcraster\libcsf\csf.dir\debug\attravai.obj
d:\github-repository\gdal\buildvs\frmts\pcraster\libcsf\csf.dir\debug\swapio.obj
d:\github-repository\gdal\buildvs\frmts\pcraster\libcsf\csf.dir\debug\rmalloc.obj
d:\github-repository\gdal\buildvs\frmts\pcraster\libcsf\csf.dir\debug\puty0.obj
d:\github-repository\gdal\buildvs\frmts\pcraster\libcsf\csf.dir\debug\gversion.obj
d:\github-repository\gdal\buildvs\frmts\pcraster\libcsf\csf.dir\debug\gmaxval.obj
d:\github-repository\gdal\buildvs\frmts\pcraster\libcsf\csf.dir\debug\gattrblk.obj
d:\github-repository\gdal\buildvs\frmts\pcraster\libcsf\csf.dir\debug\angle.obj
d:\github-repository\gdal\buildvs\frmts\pcraster\libcsf\csf.dir\debug\strpad.obj
d:\github-repository\gdal\buildvs\frmts\pcraster\libcsf\csf.dir\debug\rextend.obj
d:\github-repository\gdal\buildvs\frmts\pcraster\libcsf\csf.dir\debug\putx0.obj
d:\github-repository\gdal\buildvs\frmts\pcraster\libcsf\csf.dir\debug\mperror.obj
d:\github-repository\gdal\buildvs\frmts\pcraster\libcsf\csf.dir\debug\gvartype.obj
d:\github-repository\gdal\buildvs\frmts\pcraster\libcsf\csf.dir\debug\ggisfid.obj
d:\github-repository\gdal\buildvs\frmts\pcraster\libcsf\csf.dir\debug\filename.obj
d:\github-repository\gdal\buildvs\frmts\pcraster\libcsf\csf.dir\debug\vs2.obj
d:\github-repository\gdal\buildvs\frmts\pcraster\libcsf\csf.dir\debug\ruseas.obj
d:\github-repository\gdal\buildvs\frmts\pcraster\libcsf\csf.dir\debug\rattrblk.obj
d:\github-repository\gdal\buildvs\frmts\pcraster\libcsf\csf.dir\debug\pmaxval.obj
d:\github-repository\gdal\buildvs\frmts\pcraster\libcsf\csf.dir\debug\kernlcsf.obj
d:\github-repository\gdal\buildvs\frmts\pcraster\libcsf\csf.dir\debug\gnrcols.obj
d:\github-repository\gdal\buildvs\frmts\pcraster\libcsf\csf.dir\debug\gcellrep.obj
d:\github-repository\gdal\buildvs\frmts\pcraster\libcsf\csf.dir\debug\attrsize.obj
d:\github-repository\gdal\buildvs\frmts\pcraster\libcsf\csf.dir\debug\trackmm.obj
d:\github-repository\gdal\buildvs\frmts\pcraster\libcsf\csf.dir\debug\rrowcol.obj
d:\github-repository\gdal\buildvs\frmts\pcraster\libcsf\csf.dir\debug\pvalscal.obj
d:\github-repository\gdal\buildvs\frmts\pcraster\libcsf\cmakefiles\generate.stamp
d:\github-repository\gdal\buildvs\frmts\pcraster\libcsf\csf.dir\debug\csf.lib
d:\github-repository\gdal\buildvs\frmts\pcraster\libcsf\csf.dir\debug\csf.tlog\cl.command.1.tlog
d:\github-repository\gdal\buildvs\frmts\pcraster\libcsf\csf.dir\debug\csf.tlog\cl.read.1.tlog
d:\github-repository\gdal\buildvs\frmts\pcraster\libcsf\csf.dir\debug\csf.tlog\cl.write.1.tlog
d:\github-repository\gdal\buildvs\frmts\pcraster\libcsf\csf.dir\debug\csf.tlog\custombuild.command.1.tlog
d:\github-repository\gdal\buildvs\frmts\pcraster\libcsf\csf.dir\debug\csf.tlog\custombuild.read.1.tlog
d:\github-repository\gdal\buildvs\frmts\pcraster\libcsf\csf.dir\debug\csf.tlog\custombuild.write.1.tlog
d:\github-repository\gdal\buildvs\frmts\pcraster\libcsf\csf.dir\debug\csf.tlog\lib-link.read.1.tlog
d:\github-repository\gdal\buildvs\frmts\pcraster\libcsf\csf.dir\debug\csf.tlog\lib-link.write.1.tlog
d:\github-repository\gdal\buildvs\frmts\pcraster\libcsf\csf.dir\debug\csf.tlog\lib.command.1.tlog
