d:\github-repository\gdal\buildvs\ogr\ogr.dir\debug\ogr.pdb
d:\github-repository\gdal\buildvs\ogr\ogr.dir\debug\ogrcurvecollection.obj
d:\github-repository\gdal\buildvs\ogr\ogr.dir\debug\ogrcurvepolygon.obj
d:\github-repository\gdal\buildvs\ogr\ogr.dir\debug\ogrcompoundcurve.obj
d:\github-repository\gdal\buildvs\ogr\ogr.dir\debug\ogrcircularstring.obj
d:\github-repository\gdal\buildvs\ogr\ogr.dir\debug\ogrmultilinestring.obj
d:\github-repository\gdal\buildvs\ogr\ogr.dir\debug\ogrmultipoint.obj
d:\github-repository\gdal\buildvs\ogr\ogr.dir\debug\ogrtriangulatedsurface.obj
d:\github-repository\gdal\buildvs\ogr\ogr.dir\debug\ogrpolyhedralsurface.obj
d:\github-repository\gdal\buildvs\ogr\ogr.dir\debug\ogrsurface.obj
d:\github-repository\gdal\buildvs\ogr\ogr.dir\debug\ogrmultipolygon.obj
d:\github-repository\gdal\buildvs\ogr\ogr.dir\debug\ogrgeometrycollection.obj
d:\github-repository\gdal\buildvs\ogr\ogr.dir\debug\ogrgeometry.obj
d:\github-repository\gdal\buildvs\ogr\ogr.dir\debug\ogrutils.obj
d:\github-repository\gdal\buildvs\ogr\ogr.dir\debug\ogrtriangle.obj
d:\github-repository\gdal\buildvs\ogr\ogr.dir\debug\ogrpolygon.obj
d:\github-repository\gdal\buildvs\ogr\ogr.dir\debug\ogrlinearring.obj
d:\github-repository\gdal\buildvs\ogr\ogr.dir\debug\ogrlinestring.obj
d:\github-repository\gdal\buildvs\ogr\ogr.dir\debug\ogrcurve.obj
d:\github-repository\gdal\buildvs\ogr\ogr.dir\debug\ogrpoint.obj
d:\github-repository\gdal\buildvs\ogr\ogr.dir\debug\ogrgeometryfactory.obj
d:\github-repository\gdal\buildvs\ogr\ogr.dir\debug\ogr_srs_erm.obj
d:\github-repository\gdal\buildvs\ogr\ogr.dir\debug\ogr_srs_ozi.obj
d:\github-repository\gdal\buildvs\ogr\ogr.dir\debug\ogr_srs_panorama.obj
d:\github-repository\gdal\buildvs\ogr\ogr.dir\debug\ogr_srs_dict.obj
d:\github-repository\gdal\buildvs\ogr\ogr.dir\debug\ogr_srs_usgs.obj
d:\github-repository\gdal\buildvs\ogr\ogr.dir\debug\ogr_srs_pci.obj
d:\github-repository\gdal\buildvs\ogr\ogr.dir\debug\ogr_srs_esri.obj
d:\github-repository\gdal\buildvs\ogr\ogr.dir\debug\ogr_srs_cf1.obj
d:\github-repository\gdal\buildvs\ogr\ogr.dir\debug\ogrct.obj
d:\github-repository\gdal\buildvs\ogr\ogr.dir\debug\ogr_fromepsg.obj
d:\github-repository\gdal\buildvs\ogr\ogr.dir\debug\ogr_srsnode.obj
d:\github-repository\gdal\buildvs\ogr\ogr.dir\debug\ogrspatialreference.obj
d:\github-repository\gdal\buildvs\ogr\ogr.dir\debug\ogrfielddefn.obj
d:\github-repository\gdal\buildvs\ogr\ogr.dir\debug\ogrfeaturestyle.obj
d:\github-repository\gdal\buildvs\ogr\ogr.dir\debug\ogrfeaturequery.obj
d:\github-repository\gdal\buildvs\ogr\ogr.dir\debug\ogrfeaturedefn.obj
d:\github-repository\gdal\buildvs\ogr\ogr.dir\debug\ogrfeature.obj
d:\github-repository\gdal\buildvs\ogr\ogr.dir\debug\ogr_api.obj
d:\github-repository\gdal\buildvs\ogr\ogr.dir\debug\ogrmultisurface.obj
d:\github-repository\gdal\buildvs\ogr\ogr.dir\debug\ogrmulticurve.obj
d:\github-repository\gdal\buildvs\ogr\ogr.dir\debug\ogr_wkb.obj
d:\github-repository\gdal\buildvs\ogr\ogr.dir\debug\ogr_proj_p.obj
d:\github-repository\gdal\buildvs\ogr\ogr.dir\debug\ogr_geo_utils.obj
d:\github-repository\gdal\buildvs\ogr\ogr.dir\debug\ogr_xerces.obj
d:\github-repository\gdal\buildvs\ogr\ogr.dir\debug\ograpispy.obj
d:\github-repository\gdal\buildvs\ogr\ogr.dir\debug\ogrgeomfielddefn.obj
d:\github-repository\gdal\buildvs\ogr\ogr.dir\debug\ogr_geocoding.obj
d:\github-repository\gdal\buildvs\ogr\ogr.dir\debug\ogrpgeogeometry.obj
d:\github-repository\gdal\buildvs\ogr\ogr.dir\debug\ogr_expat.obj
d:\github-repository\gdal\buildvs\ogr\ogr.dir\debug\gml2ogrgeometry.obj
d:\github-repository\gdal\buildvs\ogr\ogr.dir\debug\ogr2gmlgeometry.obj
d:\github-repository\gdal\buildvs\ogr\ogr.dir\debug\ograssemblepolygon.obj
d:\github-repository\gdal\buildvs\ogr\ogr.dir\debug\ogr_srs_xml.obj
d:\github-repository\gdal\buildvs\ogr\ogr.dir\debug\swq_op_general.obj
d:\github-repository\gdal\buildvs\ogr\ogr.dir\debug\swq_op_registrar.obj
d:\github-repository\gdal\buildvs\ogr\ogr.dir\debug\swq_select.obj
d:\github-repository\gdal\buildvs\ogr\ogr.dir\debug\swq_parser.obj
d:\github-repository\gdal\buildvs\ogr\ogr.dir\debug\swq_expr_node.obj
d:\github-repository\gdal\buildvs\ogr\ogr.dir\debug\swq.obj
d:\github-repository\gdal\buildvs\ogr\cmakefiles\generate.stamp
d:\github-repository\gdal\buildvs\ogr\ogr.dir\debug\ogr.lib
d:\github-repository\gdal\buildvs\ogr\ogr.dir\debug\ogr.tlog\cl.command.1.tlog
d:\github-repository\gdal\buildvs\ogr\ogr.dir\debug\ogr.tlog\cl.read.1.tlog
d:\github-repository\gdal\buildvs\ogr\ogr.dir\debug\ogr.tlog\cl.write.1.tlog
d:\github-repository\gdal\buildvs\ogr\ogr.dir\debug\ogr.tlog\custombuild.command.1.tlog
d:\github-repository\gdal\buildvs\ogr\ogr.dir\debug\ogr.tlog\custombuild.read.1.tlog
d:\github-repository\gdal\buildvs\ogr\ogr.dir\debug\ogr.tlog\custombuild.write.1.tlog
d:\github-repository\gdal\buildvs\ogr\ogr.dir\debug\ogr.tlog\lib-link.read.1.tlog
d:\github-repository\gdal\buildvs\ogr\ogr.dir\debug\ogr.tlog\lib-link.write.1.tlog
d:\github-repository\gdal\buildvs\ogr\ogr.dir\debug\ogr.tlog\lib.command.1.tlog
