d:\github-repository\gdal\buildvs\ogr\ogrsf_frmts\mssqlspatial\ogr_mssqlspatial.dir\debug\ogr_mssqlspatial.pdb
d:\github-repository\gdal\buildvs\ogr\ogrsf_frmts\mssqlspatial\ogr_mssqlspatial.dir\debug\ogrmssqlspatialdrivercore.obj
d:\github-repository\gdal\buildvs\ogr\ogrsf_frmts\mssqlspatial\ogr_mssqlspatial.dir\debug\ogrmssqlspatialtablelayer.obj
d:\github-repository\gdal\buildvs\ogr\ogrsf_frmts\mssqlspatial\ogr_mssqlspatial.dir\debug\ogrmssqlspatialselectlayer.obj
d:\github-repository\gdal\buildvs\ogr\ogrsf_frmts\mssqlspatial\ogr_mssqlspatial.dir\debug\ogrmssqlspatiallayer.obj
d:\github-repository\gdal\buildvs\ogr\ogrsf_frmts\mssqlspatial\ogr_mssqlspatial.dir\debug\ogrmssqlspatialdriver.obj
d:\github-repository\gdal\buildvs\ogr\ogrsf_frmts\mssqlspatial\ogr_mssqlspatial.dir\debug\ogrmssqlspatialdatasource.obj
d:\github-repository\gdal\buildvs\ogr\ogrsf_frmts\mssqlspatial\ogr_mssqlspatial.dir\debug\ogrmssqlgeometrywriter.obj
d:\github-repository\gdal\buildvs\ogr\ogrsf_frmts\mssqlspatial\ogr_mssqlspatial.dir\debug\ogrmssqlgeometryvalidator.obj
d:\github-repository\gdal\buildvs\ogr\ogrsf_frmts\mssqlspatial\ogr_mssqlspatial.dir\debug\ogrmssqlgeometryparser.obj
d:\github-repository\gdal\buildvs\ogr\ogrsf_frmts\mssqlspatial\cmakefiles\generate.stamp
d:\github-repository\gdal\buildvs\ogr\ogrsf_frmts\mssqlspatial\ogr_mssqlspatial.dir\debug\ogr_mssqlspatial.lib
d:\github-repository\gdal\buildvs\ogr\ogrsf_frmts\mssqlspatial\ogr_mssqlspatial.dir\debug\ogr_mssqlspatial.tlog\cl.command.1.tlog
d:\github-repository\gdal\buildvs\ogr\ogrsf_frmts\mssqlspatial\ogr_mssqlspatial.dir\debug\ogr_mssqlspatial.tlog\cl.read.1.tlog
d:\github-repository\gdal\buildvs\ogr\ogrsf_frmts\mssqlspatial\ogr_mssqlspatial.dir\debug\ogr_mssqlspatial.tlog\cl.write.1.tlog
d:\github-repository\gdal\buildvs\ogr\ogrsf_frmts\mssqlspatial\ogr_mssqlspatial.dir\debug\ogr_mssqlspatial.tlog\custombuild.command.1.tlog
d:\github-repository\gdal\buildvs\ogr\ogrsf_frmts\mssqlspatial\ogr_mssqlspatial.dir\debug\ogr_mssqlspatial.tlog\custombuild.read.1.tlog
d:\github-repository\gdal\buildvs\ogr\ogrsf_frmts\mssqlspatial\ogr_mssqlspatial.dir\debug\ogr_mssqlspatial.tlog\custombuild.write.1.tlog
d:\github-repository\gdal\buildvs\ogr\ogrsf_frmts\mssqlspatial\ogr_mssqlspatial.dir\debug\ogr_mssqlspatial.tlog\lib-link.read.1.tlog
d:\github-repository\gdal\buildvs\ogr\ogrsf_frmts\mssqlspatial\ogr_mssqlspatial.dir\debug\ogr_mssqlspatial.tlog\lib-link.write.1.tlog
d:\github-repository\gdal\buildvs\ogr\ogrsf_frmts\mssqlspatial\ogr_mssqlspatial.dir\debug\ogr_mssqlspatial.tlog\lib.command.1.tlog
