d:\github-repository\gdal\buildvs\ogr\ogrsf_frmts\s57\ogr_s57.dir\debug\ogr_s57.pdb
d:\github-repository\gdal\buildvs\ogr\ogrsf_frmts\s57\ogr_s57.dir\debug\s57writer.obj
d:\github-repository\gdal\buildvs\ogr\ogrsf_frmts\s57\ogr_s57.dir\debug\s57filecollector.obj
d:\github-repository\gdal\buildvs\ogr\ogrsf_frmts\s57\ogr_s57.dir\debug\s57featuredefns.obj
d:\github-repository\gdal\buildvs\ogr\ogrsf_frmts\s57\ogr_s57.dir\debug\ddfrecordindex.obj
d:\github-repository\gdal\buildvs\ogr\ogrsf_frmts\s57\ogr_s57.dir\debug\s57reader.obj
d:\github-repository\gdal\buildvs\ogr\ogrsf_frmts\s57\ogr_s57.dir\debug\s57classregistrar.obj
d:\github-repository\gdal\buildvs\ogr\ogrsf_frmts\s57\ogr_s57.dir\debug\ogrs57layer.obj
d:\github-repository\gdal\buildvs\ogr\ogrsf_frmts\s57\ogr_s57.dir\debug\ogrs57datasource.obj
d:\github-repository\gdal\buildvs\ogr\ogrsf_frmts\s57\ogr_s57.dir\debug\ogrs57driver.obj
d:\github-repository\gdal\buildvs\ogr\ogrsf_frmts\s57\cmakefiles\generate.stamp
d:\github-repository\gdal\buildvs\ogr\ogrsf_frmts\s57\ogr_s57.dir\debug\ogr_s57.lib
d:\github-repository\gdal\buildvs\ogr\ogrsf_frmts\s57\ogr_s57.dir\debug\ogr_s57.tlog\cl.command.1.tlog
d:\github-repository\gdal\buildvs\ogr\ogrsf_frmts\s57\ogr_s57.dir\debug\ogr_s57.tlog\cl.read.1.tlog
d:\github-repository\gdal\buildvs\ogr\ogrsf_frmts\s57\ogr_s57.dir\debug\ogr_s57.tlog\cl.write.1.tlog
d:\github-repository\gdal\buildvs\ogr\ogrsf_frmts\s57\ogr_s57.dir\debug\ogr_s57.tlog\custombuild.command.1.tlog
d:\github-repository\gdal\buildvs\ogr\ogrsf_frmts\s57\ogr_s57.dir\debug\ogr_s57.tlog\custombuild.read.1.tlog
d:\github-repository\gdal\buildvs\ogr\ogrsf_frmts\s57\ogr_s57.dir\debug\ogr_s57.tlog\custombuild.write.1.tlog
d:\github-repository\gdal\buildvs\ogr\ogrsf_frmts\s57\ogr_s57.dir\debug\ogr_s57.tlog\lib-link.read.1.tlog
d:\github-repository\gdal\buildvs\ogr\ogrsf_frmts\s57\ogr_s57.dir\debug\ogr_s57.tlog\lib-link.write.1.tlog
d:\github-repository\gdal\buildvs\ogr\ogrsf_frmts\s57\ogr_s57.dir\debug\ogr_s57.tlog\lib.command.1.tlog
