d:\github-repository\gdal\buildvs\ogr\ogrsf_frmts\tiger\ogr_tiger.dir\debug\ogr_tiger.pdb
d:\github-repository\gdal\buildvs\ogr\ogrsf_frmts\tiger\ogr_tiger.dir\debug\tigeraltname.obj
d:\github-repository\gdal\buildvs\ogr\ogrsf_frmts\tiger\ogr_tiger.dir\debug\tigerzipcodes.obj
d:\github-repository\gdal\buildvs\ogr\ogrsf_frmts\tiger\ogr_tiger.dir\debug\tigerpolygoncorrections.obj
d:\github-repository\gdal\buildvs\ogr\ogrsf_frmts\tiger\ogr_tiger.dir\debug\tigeroverunder.obj
d:\github-repository\gdal\buildvs\ogr\ogrsf_frmts\tiger\ogr_tiger.dir\debug\tigerfeatureids.obj
d:\github-repository\gdal\buildvs\ogr\ogrsf_frmts\tiger\ogr_tiger.dir\debug\ogrtigerlayer.obj
d:\github-repository\gdal\buildvs\ogr\ogrsf_frmts\tiger\ogr_tiger.dir\debug\tigerzerocellid.obj
d:\github-repository\gdal\buildvs\ogr\ogrsf_frmts\tiger\ogr_tiger.dir\debug\tigerpolygon.obj
d:\github-repository\gdal\buildvs\ogr\ogrsf_frmts\tiger\ogr_tiger.dir\debug\tigerlandmarks.obj
d:\github-repository\gdal\buildvs\ogr\ogrsf_frmts\tiger\ogr_tiger.dir\debug\tigerentitynames.obj
d:\github-repository\gdal\buildvs\ogr\ogrsf_frmts\tiger\ogr_tiger.dir\debug\ogrtigerdriver.obj
d:\github-repository\gdal\buildvs\ogr\ogrsf_frmts\tiger\ogr_tiger.dir\debug\tigertlidrange.obj
d:\github-repository\gdal\buildvs\ogr\ogrsf_frmts\tiger\ogr_tiger.dir\debug\tigerpolychainlink.obj
d:\github-repository\gdal\buildvs\ogr\ogrsf_frmts\tiger\ogr_tiger.dir\debug\tigerkeyfeatures.obj
d:\github-repository\gdal\buildvs\ogr\ogrsf_frmts\tiger\ogr_tiger.dir\debug\tigercompletechain.obj
d:\github-repository\gdal\buildvs\ogr\ogrsf_frmts\tiger\ogr_tiger.dir\debug\ogrtigerdatasource.obj
d:\github-repository\gdal\buildvs\ogr\ogrsf_frmts\tiger\ogr_tiger.dir\debug\tigerspatialmetadata.obj
d:\github-repository\gdal\buildvs\ogr\ogrsf_frmts\tiger\ogr_tiger.dir\debug\tigerpoint.obj
d:\github-repository\gdal\buildvs\ogr\ogrsf_frmts\tiger\ogr_tiger.dir\debug\tigeridhistory.obj
d:\github-repository\gdal\buildvs\ogr\ogrsf_frmts\tiger\ogr_tiger.dir\debug\tigerarealandmarks.obj
d:\github-repository\gdal\buildvs\ogr\ogrsf_frmts\tiger\ogr_tiger.dir\debug\tigerzipplus4.obj
d:\github-repository\gdal\buildvs\ogr\ogrsf_frmts\tiger\ogr_tiger.dir\debug\tigerpolygoneconomic.obj
d:\github-repository\gdal\buildvs\ogr\ogrsf_frmts\tiger\ogr_tiger.dir\debug\tigerpip.obj
d:\github-repository\gdal\buildvs\ogr\ogrsf_frmts\tiger\ogr_tiger.dir\debug\tigerfilebase.obj
d:\github-repository\gdal\buildvs\ogr\ogrsf_frmts\tiger\cmakefiles\generate.stamp
d:\github-repository\gdal\buildvs\ogr\ogrsf_frmts\tiger\ogr_tiger.dir\debug\ogr_tiger.lib
d:\github-repository\gdal\buildvs\ogr\ogrsf_frmts\tiger\ogr_tiger.dir\debug\ogr_tiger.tlog\cl.command.1.tlog
d:\github-repository\gdal\buildvs\ogr\ogrsf_frmts\tiger\ogr_tiger.dir\debug\ogr_tiger.tlog\cl.read.1.tlog
d:\github-repository\gdal\buildvs\ogr\ogrsf_frmts\tiger\ogr_tiger.dir\debug\ogr_tiger.tlog\cl.write.1.tlog
d:\github-repository\gdal\buildvs\ogr\ogrsf_frmts\tiger\ogr_tiger.dir\debug\ogr_tiger.tlog\custombuild.command.1.tlog
d:\github-repository\gdal\buildvs\ogr\ogrsf_frmts\tiger\ogr_tiger.dir\debug\ogr_tiger.tlog\custombuild.read.1.tlog
d:\github-repository\gdal\buildvs\ogr\ogrsf_frmts\tiger\ogr_tiger.dir\debug\ogr_tiger.tlog\custombuild.write.1.tlog
d:\github-repository\gdal\buildvs\ogr\ogrsf_frmts\tiger\ogr_tiger.dir\debug\ogr_tiger.tlog\lib-link.read.1.tlog
d:\github-repository\gdal\buildvs\ogr\ogrsf_frmts\tiger\ogr_tiger.dir\debug\ogr_tiger.tlog\lib-link.write.1.tlog
d:\github-repository\gdal\buildvs\ogr\ogrsf_frmts\tiger\ogr_tiger.dir\debug\ogr_tiger.tlog\lib.command.1.tlog
