d:\github-repository\gdal\buildvs\frmts\mrf\gdal_mrf.dir\debug\gdal_mrf.pdb
d:\github-repository\gdal\buildvs\frmts\mrf\gdal_mrf.dir\debug\lerc_band.obj
d:\github-repository\gdal\buildvs\frmts\mrf\gdal_mrf.dir\debug\jpeg12_band.obj
d:\github-repository\gdal\buildvs\frmts\mrf\gdal_mrf.dir\debug\jpng_band.obj
d:\github-repository\gdal\buildvs\frmts\mrf\gdal_mrf.dir\debug\png_band.obj
d:\github-repository\gdal\buildvs\frmts\mrf\gdal_mrf.dir\debug\jpeg_band.obj
d:\github-repository\gdal\buildvs\frmts\mrf\gdal_mrf.dir\debug\mrfdrivercore.obj
d:\github-repository\gdal\buildvs\frmts\mrf\gdal_mrf.dir\debug\tif_band.obj
d:\github-repository\gdal\buildvs\frmts\mrf\gdal_mrf.dir\debug\packer_rle.obj
d:\github-repository\gdal\buildvs\frmts\mrf\gdal_mrf.dir\debug\mrf_util.obj
d:\github-repository\gdal\buildvs\frmts\mrf\gdal_mrf.dir\debug\mrf_overview.obj
d:\github-repository\gdal\buildvs\frmts\mrf\gdal_mrf.dir\debug\mrf_band.obj
d:\github-repository\gdal\buildvs\frmts\mrf\gdal_mrf.dir\debug\marfa_dataset.obj
d:\github-repository\gdal\buildvs\frmts\mrf\cmakefiles\generate.stamp
d:\github-repository\gdal\buildvs\frmts\mrf\gdal_mrf.dir\debug\gdal_mrf.lib
d:\github-repository\gdal\buildvs\frmts\mrf\gdal_mrf.dir\debug\gdal_mrf.tlog\cl.command.1.tlog
d:\github-repository\gdal\buildvs\frmts\mrf\gdal_mrf.dir\debug\gdal_mrf.tlog\cl.read.1.tlog
d:\github-repository\gdal\buildvs\frmts\mrf\gdal_mrf.dir\debug\gdal_mrf.tlog\cl.write.1.tlog
d:\github-repository\gdal\buildvs\frmts\mrf\gdal_mrf.dir\debug\gdal_mrf.tlog\custombuild.command.1.tlog
d:\github-repository\gdal\buildvs\frmts\mrf\gdal_mrf.dir\debug\gdal_mrf.tlog\custombuild.read.1.tlog
d:\github-repository\gdal\buildvs\frmts\mrf\gdal_mrf.dir\debug\gdal_mrf.tlog\custombuild.write.1.tlog
d:\github-repository\gdal\buildvs\frmts\mrf\gdal_mrf.dir\debug\gdal_mrf.tlog\lib-link.read.1.tlog
d:\github-repository\gdal\buildvs\frmts\mrf\gdal_mrf.dir\debug\gdal_mrf.tlog\lib-link.write.1.tlog
d:\github-repository\gdal\buildvs\frmts\mrf\gdal_mrf.dir\debug\gdal_mrf.tlog\lib.command.1.tlog
