d:\github-repository\gdal\buildvs\frmts\gtiff\gdal_gtiff.dir\debug\gdal_gtiff.pdb
d:\github-repository\gdal\buildvs\frmts\gtiff\gdal_gtiff.dir\debug\tifvsi.obj
d:\github-repository\gdal\buildvs\frmts\gtiff\gdal_gtiff.dir\debug\gt_wkt_srs.obj
d:\github-repository\gdal\buildvs\frmts\gtiff\gdal_gtiff.dir\debug\gt_overview.obj
d:\github-repository\gdal\buildvs\frmts\gtiff\gdal_gtiff.dir\debug\gt_citation.obj
d:\github-repository\gdal\buildvs\frmts\gtiff\gdal_gtiff.dir\debug\gt_jpeg_copy.obj
d:\github-repository\gdal\buildvs\frmts\gtiff\gdal_gtiff.dir\debug\geotiff.obj
d:\github-repository\gdal\buildvs\frmts\gtiff\gdal_gtiff.dir\debug\gtiffsplitbitmapband.obj
d:\github-repository\gdal\buildvs\frmts\gtiff\gdal_gtiff.dir\debug\gtiffsplitband.obj
d:\github-repository\gdal\buildvs\frmts\gtiff\gdal_gtiff.dir\debug\gtiffrgbaband.obj
d:\github-repository\gdal\buildvs\frmts\gtiff\gdal_gtiff.dir\debug\gtiffrasterband_write.obj
d:\github-repository\gdal\buildvs\frmts\gtiff\gdal_gtiff.dir\debug\gtiffrasterband_read.obj
d:\github-repository\gdal\buildvs\frmts\gtiff\gdal_gtiff.dir\debug\gtiffrasterband.obj
d:\github-repository\gdal\buildvs\frmts\gtiff\gdal_gtiff.dir\debug\gtiffoddbitsband.obj
d:\github-repository\gdal\buildvs\frmts\gtiff\gdal_gtiff.dir\debug\gtiffjpegoverviewds.obj
d:\github-repository\gdal\buildvs\frmts\gtiff\gdal_gtiff.dir\debug\gtiffdataset_write.obj
d:\github-repository\gdal\buildvs\frmts\gtiff\gdal_gtiff.dir\debug\gtiffdataset_read.obj
d:\github-repository\gdal\buildvs\frmts\gtiff\gdal_gtiff.dir\debug\gtiffdataset.obj
d:\github-repository\gdal\buildvs\frmts\gtiff\gdal_gtiff.dir\debug\gtiffbitmapband.obj
d:\github-repository\gdal\buildvs\frmts\gtiff\gdal_gtiff.dir\debug\cogdriver.obj
d:\github-repository\gdal\buildvs\frmts\gtiff\cmakefiles\generate.stamp
d:\github-repository\gdal\buildvs\frmts\gtiff\gdal_gtiff.dir\debug\gdal_gtiff.lib
d:\github-repository\gdal\buildvs\frmts\gtiff\gdal_gtiff.dir\debug\gdal_gtiff.tlog\cl.command.1.tlog
d:\github-repository\gdal\buildvs\frmts\gtiff\gdal_gtiff.dir\debug\gdal_gtiff.tlog\cl.read.1.tlog
d:\github-repository\gdal\buildvs\frmts\gtiff\gdal_gtiff.dir\debug\gdal_gtiff.tlog\cl.write.1.tlog
d:\github-repository\gdal\buildvs\frmts\gtiff\gdal_gtiff.dir\debug\gdal_gtiff.tlog\custombuild.command.1.tlog
d:\github-repository\gdal\buildvs\frmts\gtiff\gdal_gtiff.dir\debug\gdal_gtiff.tlog\custombuild.read.1.tlog
d:\github-repository\gdal\buildvs\frmts\gtiff\gdal_gtiff.dir\debug\gdal_gtiff.tlog\custombuild.write.1.tlog
d:\github-repository\gdal\buildvs\frmts\gtiff\gdal_gtiff.dir\debug\gdal_gtiff.tlog\lib-link.read.1.tlog
d:\github-repository\gdal\buildvs\frmts\gtiff\gdal_gtiff.dir\debug\gdal_gtiff.tlog\lib-link.write.1.tlog
d:\github-repository\gdal\buildvs\frmts\gtiff\gdal_gtiff.dir\debug\gdal_gtiff.tlog\lib.command.1.tlog
