d:\github-repository\gdal\buildvs\ogr\ogrsf_frmts\dgn\ogr_dgn.dir\debug\ogr_dgn.pdb
d:\github-repository\gdal\buildvs\ogr\ogrsf_frmts\dgn\ogr_dgn.dir\debug\ogrdgndatasource.obj
d:\github-repository\gdal\buildvs\ogr\ogrsf_frmts\dgn\ogr_dgn.dir\debug\ogrdgnlayer.obj
d:\github-repository\gdal\buildvs\ogr\ogrsf_frmts\dgn\ogr_dgn.dir\debug\ogrdgndriver.obj
d:\github-repository\gdal\buildvs\ogr\ogrsf_frmts\dgn\ogr_dgn.dir\debug\dgnstroke.obj
d:\github-repository\gdal\buildvs\ogr\ogrsf_frmts\dgn\ogr_dgn.dir\debug\dgnwrite.obj
d:\github-repository\gdal\buildvs\ogr\ogrsf_frmts\dgn\ogr_dgn.dir\debug\dgnread.obj
d:\github-repository\gdal\buildvs\ogr\ogrsf_frmts\dgn\ogr_dgn.dir\debug\dgnopen.obj
d:\github-repository\gdal\buildvs\ogr\ogrsf_frmts\dgn\ogr_dgn.dir\debug\dgnhelp.obj
d:\github-repository\gdal\buildvs\ogr\ogrsf_frmts\dgn\cmakefiles\generate.stamp
d:\github-repository\gdal\buildvs\ogr\ogrsf_frmts\dgn\ogr_dgn.dir\debug\ogr_dgn.lib
d:\github-repository\gdal\buildvs\ogr\ogrsf_frmts\dgn\ogr_dgn.dir\debug\ogr_dgn.tlog\cl.command.1.tlog
d:\github-repository\gdal\buildvs\ogr\ogrsf_frmts\dgn\ogr_dgn.dir\debug\ogr_dgn.tlog\cl.read.1.tlog
d:\github-repository\gdal\buildvs\ogr\ogrsf_frmts\dgn\ogr_dgn.dir\debug\ogr_dgn.tlog\cl.write.1.tlog
d:\github-repository\gdal\buildvs\ogr\ogrsf_frmts\dgn\ogr_dgn.dir\debug\ogr_dgn.tlog\custombuild.command.1.tlog
d:\github-repository\gdal\buildvs\ogr\ogrsf_frmts\dgn\ogr_dgn.dir\debug\ogr_dgn.tlog\custombuild.read.1.tlog
d:\github-repository\gdal\buildvs\ogr\ogrsf_frmts\dgn\ogr_dgn.dir\debug\ogr_dgn.tlog\custombuild.write.1.tlog
d:\github-repository\gdal\buildvs\ogr\ogrsf_frmts\dgn\ogr_dgn.dir\debug\ogr_dgn.tlog\lib-link.read.1.tlog
d:\github-repository\gdal\buildvs\ogr\ogrsf_frmts\dgn\ogr_dgn.dir\debug\ogr_dgn.tlog\lib-link.write.1.tlog
d:\github-repository\gdal\buildvs\ogr\ogrsf_frmts\dgn\ogr_dgn.dir\debug\ogr_dgn.tlog\lib.command.1.tlog
