d:\github-repository\gdal\buildvs\ogr\ogrsf_frmts\ntf\ogr_ntf.dir\debug\ogr_ntf.pdb
d:\github-repository\gdal\buildvs\ogr\ogrsf_frmts\ntf\ogr_ntf.dir\debug\ntfstroke.obj
d:\github-repository\gdal\buildvs\ogr\ogrsf_frmts\ntf\ogr_ntf.dir\debug\ntf_codelist.obj
d:\github-repository\gdal\buildvs\ogr\ogrsf_frmts\ntf\ogr_ntf.dir\debug\ntf_raster.obj
d:\github-repository\gdal\buildvs\ogr\ogrsf_frmts\ntf\ogr_ntf.dir\debug\ntf_generic.obj
d:\github-repository\gdal\buildvs\ogr\ogrsf_frmts\ntf\ogr_ntf.dir\debug\ogrntffeatureclasslayer.obj
d:\github-repository\gdal\buildvs\ogr\ogrsf_frmts\ntf\ogr_ntf.dir\debug\ntf_estlayers.obj
d:\github-repository\gdal\buildvs\ogr\ogrsf_frmts\ntf\ogr_ntf.dir\debug\ogrntflayer.obj
d:\github-repository\gdal\buildvs\ogr\ogrsf_frmts\ntf\ogr_ntf.dir\debug\ogrntfdriver.obj
d:\github-repository\gdal\buildvs\ogr\ogrsf_frmts\ntf\ogr_ntf.dir\debug\ogrntfdatasource.obj
d:\github-repository\gdal\buildvs\ogr\ogrsf_frmts\ntf\ogr_ntf.dir\debug\ntfrecord.obj
d:\github-repository\gdal\buildvs\ogr\ogrsf_frmts\ntf\ogr_ntf.dir\debug\ntffilereader.obj
d:\github-repository\gdal\buildvs\ogr\ogrsf_frmts\ntf\cmakefiles\generate.stamp
d:\github-repository\gdal\buildvs\ogr\ogrsf_frmts\ntf\ogr_ntf.dir\debug\ogr_ntf.lib
d:\github-repository\gdal\buildvs\ogr\ogrsf_frmts\ntf\ogr_ntf.dir\debug\ogr_ntf.tlog\cl.command.1.tlog
d:\github-repository\gdal\buildvs\ogr\ogrsf_frmts\ntf\ogr_ntf.dir\debug\ogr_ntf.tlog\cl.read.1.tlog
d:\github-repository\gdal\buildvs\ogr\ogrsf_frmts\ntf\ogr_ntf.dir\debug\ogr_ntf.tlog\cl.write.1.tlog
d:\github-repository\gdal\buildvs\ogr\ogrsf_frmts\ntf\ogr_ntf.dir\debug\ogr_ntf.tlog\custombuild.command.1.tlog
d:\github-repository\gdal\buildvs\ogr\ogrsf_frmts\ntf\ogr_ntf.dir\debug\ogr_ntf.tlog\custombuild.read.1.tlog
d:\github-repository\gdal\buildvs\ogr\ogrsf_frmts\ntf\ogr_ntf.dir\debug\ogr_ntf.tlog\custombuild.write.1.tlog
d:\github-repository\gdal\buildvs\ogr\ogrsf_frmts\ntf\ogr_ntf.dir\debug\ogr_ntf.tlog\lib-link.read.1.tlog
d:\github-repository\gdal\buildvs\ogr\ogrsf_frmts\ntf\ogr_ntf.dir\debug\ogr_ntf.tlog\lib-link.write.1.tlog
d:\github-repository\gdal\buildvs\ogr\ogrsf_frmts\ntf\ogr_ntf.dir\debug\ogr_ntf.tlog\lib.command.1.tlog
