d:\github-repository\gdal\buildvs\gcore\gcore.dir\debug\gcore.pdb
d:\github-repository\gdal\buildvs\gcore\gcore.dir\debug\gdalproxydataset.obj
d:\github-repository\gdal\buildvs\gcore\gcore.dir\debug\gdalnodatavaluesmaskband.obj
d:\github-repository\gdal\buildvs\gcore\gcore.dir\debug\gdalnodatamaskband.obj
d:\github-repository\gdal\buildvs\gcore\gcore.dir\debug\gdalallvalidmaskband.obj
d:\github-repository\gdal\buildvs\gcore\gcore.dir\debug\gdalpamproxydb.obj
d:\github-repository\gdal\buildvs\gcore\gcore.dir\debug\gdal_rat.obj
d:\github-repository\gdal\buildvs\gcore\gcore.dir\debug\gdalmultidomainmetadata.obj
d:\github-repository\gdal\buildvs\gcore\gcore.dir\debug\gdaljp2box.obj
d:\github-repository\gdal\buildvs\gcore\gcore.dir\debug\gdaljp2metadata.obj
d:\github-repository\gdal\buildvs\gcore\gcore.dir\debug\gdalpamrasterband.obj
d:\github-repository\gdal\buildvs\gcore\gcore.dir\debug\gdalpamdataset.obj
d:\github-repository\gdal\buildvs\gcore\gcore.dir\debug\gdaldefaultoverviews.obj
d:\github-repository\gdal\buildvs\gcore\gcore.dir\debug\gdalmajorobject.obj
d:\github-repository\gdal\buildvs\gcore\gcore.dir\debug\gdalcolortable.obj
d:\github-repository\gdal\buildvs\gcore\gcore.dir\debug\gdalrasterblock.obj
d:\github-repository\gdal\buildvs\gcore\gcore.dir\debug\gdal_misc.obj
d:\github-repository\gdal\buildvs\gcore\gcore.dir\debug\gdalrasterband.obj
d:\github-repository\gdal\buildvs\gcore\gcore.dir\debug\gdaldataset.obj
d:\github-repository\gdal\buildvs\gcore\gcore.dir\debug\gdaldriver.obj
d:\github-repository\gdal\buildvs\gcore\gcore.dir\debug\gdalopeninfo.obj
d:\github-repository\gdal\buildvs\gcore\gcore.dir\debug\rasterio.obj
d:\github-repository\gdal\buildvs\gcore\gcore.dir\debug\overview.obj
d:\github-repository\gdal\buildvs\gcore\gcore.dir\debug\gdalorienteddataset.obj
d:\github-repository\gdal\buildvs\gcore\gcore.dir\debug\gdalsubdatasetinfo.obj
d:\github-repository\gdal\buildvs\gcore\gcore.dir\debug\gdalrelationship.obj
d:\github-repository\gdal\buildvs\gcore\gcore.dir\debug\gdalhashsetbandblockcache.obj
d:\github-repository\gdal\buildvs\gcore\gcore.dir\debug\gdalarraybandblockcache.obj
d:\github-repository\gdal\buildvs\gcore\gcore.dir\debug\gdalabstractbandblockcache.obj
d:\github-repository\gdal\buildvs\gcore\gcore.dir\debug\gdaljp2metadatagenerator.obj
d:\github-repository\gdal\buildvs\gcore\gcore.dir\debug\gdal_mdreader.obj
d:\github-repository\gdal\buildvs\gcore\gcore.dir\debug\gdaljp2structure.obj
d:\github-repository\gdal\buildvs\gcore\gcore.dir\debug\gdalrescaledalphaband.obj
d:\github-repository\gdal\buildvs\gcore\gcore.dir\debug\gdaloverviewdataset.obj
d:\github-repository\gdal\buildvs\gcore\gcore.dir\debug\gdalvirtualmem.obj
d:\github-repository\gdal\buildvs\gcore\gcore.dir\debug\gdaljp2abstractdataset.obj
d:\github-repository\gdal\buildvs\gcore\gcore.dir\debug\gdalgeorefpamdataset.obj
d:\github-repository\gdal\buildvs\gcore\gcore.dir\debug\gdalexif.obj
d:\github-repository\gdal\buildvs\gcore\gcore.dir\debug\gdaldllmain.obj
d:\github-repository\gdal\buildvs\gcore\gcore.dir\debug\gdaldefaultasync.obj
d:\github-repository\gdal\buildvs\gcore\gcore.dir\debug\gdalproxypool.obj
d:\github-repository\gdal\buildvs\gcore\gcore.dir\debug\rasterio_ssse3.obj
d:\github-repository\gdal\buildvs\gcore\gcore.dir\debug\nasakeywordhandler.obj
d:\github-repository\gdal\buildvs\gcore\gcore.dir\debug\gdal_thread_pool.obj
d:\github-repository\gdal\buildvs\gcore\gcore.dir\debug\tilematrixset.obj
d:\github-repository\gdal\buildvs\gcore\gcore.dir\debug\gdalpythondriverloader.obj
d:\github-repository\gdal\buildvs\gcore\gcore.dir\debug\gdalpython.obj
d:\github-repository\gdal\buildvs\gcore\gcore.dir\debug\gdalmultidim_rat.obj
d:\github-repository\gdal\buildvs\gcore\gcore.dir\debug\gdalmultidim_subsetdimension.obj
d:\github-repository\gdal\buildvs\gcore\gcore.dir\debug\gdalmultidim_gltorthorectification.obj
d:\github-repository\gdal\buildvs\gcore\gcore.dir\debug\gdalmultidim_gridded.obj
d:\github-repository\gdal\buildvs\gcore\gcore.dir\debug\gdalmultidim.obj
d:\github-repository\gdal\buildvs\gcore\gcore.dir\debug\rawdataset.obj
d:\github-repository\gdal\buildvs\gcore\gcore.dir\debug\gdaldrivermanager.obj
d:\github-repository\gdal\buildvs\gcore\cmakefiles\generate.stamp
d:\github-repository\gdal\buildvs\gcore\gcore.dir\debug\gcore.lib
d:\github-repository\gdal\buildvs\gcore\gcore.dir\debug\gcore.tlog\cl.command.1.tlog
d:\github-repository\gdal\buildvs\gcore\gcore.dir\debug\gcore.tlog\cl.read.1.tlog
d:\github-repository\gdal\buildvs\gcore\gcore.dir\debug\gcore.tlog\cl.write.1.tlog
d:\github-repository\gdal\buildvs\gcore\gcore.dir\debug\gcore.tlog\custombuild.command.1.tlog
d:\github-repository\gdal\buildvs\gcore\gcore.dir\debug\gcore.tlog\custombuild.read.1.tlog
d:\github-repository\gdal\buildvs\gcore\gcore.dir\debug\gcore.tlog\custombuild.write.1.tlog
d:\github-repository\gdal\buildvs\gcore\gcore.dir\debug\gcore.tlog\lib-link.read.1.tlog
d:\github-repository\gdal\buildvs\gcore\gcore.dir\debug\gcore.tlog\lib-link.write.1.tlog
d:\github-repository\gdal\buildvs\gcore\gcore.dir\debug\gcore.tlog\lib.command.1.tlog
