d:\github-repository\gdal\buildvs\ogr\ogrsf_frmts\sqlite\ogr_sqlite.dir\debug\ogr_sqlite.pdb
d:\github-repository\gdal\buildvs\ogr\ogrsf_frmts\sqlite\ogr_sqlite.dir\debug\wrapper.obj
d:\github-repository\gdal\buildvs\ogr\ogrsf_frmts\sqlite\ogr_sqlite.dir\debug\rasterlite2.obj
d:\github-repository\gdal\buildvs\ogr\ogrsf_frmts\sqlite\ogr_sqlite.dir\debug\ogrsqliteutility.obj
d:\github-repository\gdal\buildvs\ogr\ogrsf_frmts\sqlite\ogr_sqlite.dir\debug\ogrsqlitevirtualogr.obj
d:\github-repository\gdal\buildvs\ogr\ogrsf_frmts\sqlite\ogr_sqlite.dir\debug\ogrsqliteexecutesql.obj
d:\github-repository\gdal\buildvs\ogr\ogrsf_frmts\sqlite\ogr_sqlite.dir\debug\ogrsqliteviewlayer.obj
d:\github-repository\gdal\buildvs\ogr\ogrsf_frmts\sqlite\ogr_sqlite.dir\debug\ogrsqlitevfs.obj
d:\github-repository\gdal\buildvs\ogr\ogrsf_frmts\sqlite\ogr_sqlite.dir\debug\ogrsqlitetablelayer.obj
d:\github-repository\gdal\buildvs\ogr\ogrsf_frmts\sqlite\ogr_sqlite.dir\debug\ogrsqlitesinglefeaturelayer.obj
d:\github-repository\gdal\buildvs\ogr\ogrsf_frmts\sqlite\ogr_sqlite.dir\debug\ogrsqliteselectlayer.obj
d:\github-repository\gdal\buildvs\ogr\ogrsf_frmts\sqlite\ogr_sqlite.dir\debug\ogrsqlitelayer.obj
d:\github-repository\gdal\buildvs\ogr\ogrsf_frmts\sqlite\ogr_sqlite.dir\debug\ogrsqlitedriver.obj
d:\github-repository\gdal\buildvs\ogr\ogrsf_frmts\sqlite\ogr_sqlite.dir\debug\ogrsqlitedatasource.obj
d:\github-repository\gdal\buildvs\ogr\ogrsf_frmts\sqlite\ogr_sqlite.dir\debug\ogrsqliteapiroutines.obj
d:\github-repository\gdal\buildvs\ogr\ogrsf_frmts\sqlite\cmakefiles\generate.stamp
d:\github-repository\gdal\buildvs\ogr\ogrsf_frmts\sqlite\ogr_sqlite.dir\debug\ogr_sqlite.lib
d:\github-repository\gdal\buildvs\ogr\ogrsf_frmts\sqlite\ogr_sqlite.dir\debug\ogr_sqlite.tlog\cl.command.1.tlog
d:\github-repository\gdal\buildvs\ogr\ogrsf_frmts\sqlite\ogr_sqlite.dir\debug\ogr_sqlite.tlog\cl.read.1.tlog
d:\github-repository\gdal\buildvs\ogr\ogrsf_frmts\sqlite\ogr_sqlite.dir\debug\ogr_sqlite.tlog\cl.write.1.tlog
d:\github-repository\gdal\buildvs\ogr\ogrsf_frmts\sqlite\ogr_sqlite.dir\debug\ogr_sqlite.tlog\custombuild.command.1.tlog
d:\github-repository\gdal\buildvs\ogr\ogrsf_frmts\sqlite\ogr_sqlite.dir\debug\ogr_sqlite.tlog\custombuild.read.1.tlog
d:\github-repository\gdal\buildvs\ogr\ogrsf_frmts\sqlite\ogr_sqlite.dir\debug\ogr_sqlite.tlog\custombuild.write.1.tlog
d:\github-repository\gdal\buildvs\ogr\ogrsf_frmts\sqlite\ogr_sqlite.dir\debug\ogr_sqlite.tlog\lib-link.read.1.tlog
d:\github-repository\gdal\buildvs\ogr\ogrsf_frmts\sqlite\ogr_sqlite.dir\debug\ogr_sqlite.tlog\lib-link.write.1.tlog
d:\github-repository\gdal\buildvs\ogr\ogrsf_frmts\sqlite\ogr_sqlite.dir\debug\ogr_sqlite.tlog\lib.command.1.tlog
