OBJ =	ogrgeometryfactory.o \
	ogrpoint.o \
	ogrcurve.o \
	ogrlinestring.o \
	ogrlinearring.o \
	ogrpolygon.o \
	ogrtriangle.o \
	ogrutils.o \
	ogrgeometry.o \
	ogrgeometrycollection.o \
	ogrmultipolygon.o \
	ogrsurface.o \
	ogrpolyhedralsurface.o \
	ogrtriangulatedsurface.o \
	ogrmultipoint.o \
	ogrmultilinestring.o \
	ogrcircularstring.o \
	ogrcompoundcurve.o \
	ogrcurvepolygon.o \
	ogrcurvecollection.o \
	ogrmulticurve.o \
	ogrmultisurface.o \
	ogr_api.o \
	ogrfeature.o \
	ogrfeaturedefn.o \
	ogrfeaturequery.o\
	ogrfeaturestyle.o \
	ogrfielddefn.o \
	ogrspatialreference.o \
	ogr_srsnode.o \
	ogr_fromepsg.o \
	ogrct.o \
	ogr_srs_esri.o \
	ogr_srs_pci.o \
	ogr_srs_usgs.o \
	ogr_srs_dict.o \
	ogr_srs_panorama.o \
	ogr_srs_ozi.o \
	ogr_srs_erm.o \
	swq.o \
	swq_expr_node.o \
	swq_parser.o \
	swq_select.o \
	swq_op_registrar.o \
	swq_op_general.o \
	ogr_srs_xml.o \
	ograssemblepolygon.o \
	ogr2gmlgeometry.o \
	gml2ogrgeometry.o \
	ogr_expat.o \
	ogrpgeogeometry.o \
	ogrgeomediageometry.o \
	ogr_geocoding.o \
	ogrgeomfielddefn.o \
	ograpispy.o \
	ogr_xerces.o \
	ogr_geo_utils.o \
	ogr_proj_p.o
